#
# There is insufficient memory for the Java Runtime Environment to continue.
# Native memory allocation (malloc) failed to allocate 32744 bytes. Error detail: Chunk::new
# Possible reasons:
#   The system is out of physical RAM or swap space
#   This process is running with CompressedOops enabled, and the Java Heap may be blocking the growth of the native heap
# Possible solutions:
#   Reduce memory load on the system
#   Increase physical memory or swap space
#   Check if swap backing store is full
#   Decrease Java heap size (-Xmx/-Xms)
#   Decrease number of Java threads
#   Decrease Java thread stack sizes (-Xss)
#   Set larger code cache with -XX:ReservedCodeCacheSize=
#   JVM is running with Unscaled Compressed Oops mode in which the Java heap is
#     placed in the first 4GB address space. The Java Heap base address is the
#     maximum limit for the native heap growth. Please use -XX:HeapBaseMinAddress
#     to set the Java Heap base and to place the Java Heap above 4GB virtual address.
# This output file may be truncated or incomplete.
#
#  Out of Memory Error (arena.cpp:168), pid=17064, tid=21636
#
# JRE version: OpenJDK Runtime Environment Temurin-21.0.10+7 (21.0.10+7) (build 21.0.10+7-LTS)
# Java VM: OpenJDK 64-Bit Server VM Temurin-21.0.10+7 (21.0.10+7-LTS, mixed mode, sharing, tiered, compressed oops, compressed class ptrs, parallel gc, windows-amd64)
# No core dump will be written. Minidumps are not enabled by default on client versions of Windows
#

---------------  S U M M A R Y ------------

Command Line: --add-modules=ALL-SYSTEM --add-opens=java.base/java.util=ALL-UNNAMED --add-opens=java.base/java.lang=ALL-UNNAMED --add-opens=java.base/sun.nio.fs=ALL-UNNAMED -Declipse.application=org.eclipse.jdt.ls.core.id1 -Dosgi.bundles.defaultStartLevel=4 -Declipse.product=org.eclipse.jdt.ls.core.product -Djava.import.generatesMetadataFilesAtProjectRoot=false -DDetectVMInstallationsJob.disabled=true -Dfile.encoding=utf8 -XX:+UseParallelGC -XX:GCTimeRatio=4 -XX:AdaptiveSizePolicyWeight=90 -Dsun.zip.disableMemoryMapping=true -Xmx2G -Xms100m -Xlog:disable -javaagent:c:\Users\Yassine\.vscode\extensions\redhat.java-1.54.0-win32-x64\lombok\lombok-1.18.39-4050.jar -XX:+HeapDumpOnOutOfMemoryError -XX:HeapDumpPath=c:\Users\Yassine\AppData\Roaming\Code\User\workspaceStorage\c024c764d8a7b56cd58d4c499f453b75\redhat.java -Daether.dependencyCollector.impl=bf c:\Users\Yassine\.vscode\extensions\redhat.java-1.54.0-win32-x64\server\plugins\org.eclipse.equinox.launcher_1.7.100.v20251111-0406.jar -configuration c:\Users\Yassine\AppData\Roaming\Code\User\globalStorage\redhat.java\1.54.0\config_win -data c:\Users\Yassine\AppData\Roaming\Code\User\workspaceStorage\c024c764d8a7b56cd58d4c499f453b75\redhat.java\jdt_ws --pipe=\\.\pipe\lsp-b03b944ba39fc0c4eb74f67d8818fca5-sock

Host: 11th Gen Intel(R) Core(TM) i3-1115G4 @ 3.00GHz, 4 cores, 19G,  Windows 11 , 64 bit Build 26100 (10.0.26100.8328)
Time: Sat May 16 00:32:23 2026 Morocco Summer Time elapsed time: 330.695077 seconds (0d 0h 5m 30s)

---------------  T H R E A D  ---------------

Current thread (0x000001d346fb4e10):  JavaThread "C2 CompilerThread0" daemon [_thread_in_native, id=21636, stack(0x00000093a1500000,0x00000093a1600000) (1024K)]


Current CompileTask:
C2:330695 9272   !   4       org.eclipse.osgi.internal.loader.classpath.ClasspathManager::defineClass (636 bytes)

Stack: [0x00000093a1500000,0x00000093a1600000]
Native frames: (J=compiled Java code, j=interpreted, Vv=VM code, C=native code)
V  [jvm.dll+0x6d7a39]
V  [jvm.dll+0x8b4b26]
V  [jvm.dll+0x8b70de]
V  [jvm.dll+0x8b77c3]
V  [jvm.dll+0x284346]
V  [jvm.dll+0xc66ed]
V  [jvm.dll+0xc6c31]
V  [jvm.dll+0x1e2bfd]
V  [jvm.dll+0x67659d]
V  [jvm.dll+0x1dce2b]
V  [jvm.dll+0x701020]
V  [jvm.dll+0x6ff503]
V  [jvm.dll+0x24de20]
V  [jvm.dll+0x24ba42]
V  [jvm.dll+0x1cb34e]
V  [jvm.dll+0x25b85d]
V  [jvm.dll+0x259dea]
V  [jvm.dll+0x3f857e]
V  [jvm.dll+0x85f59d]
V  [jvm.dll+0x6d626d]
C  [ucrtbase.dll+0x37b0]
C  [KERNEL32.DLL+0x2e957]
C  [ntdll.dll+0x427c]


---------------  P R O C E S S  ---------------

Threads class SMR info:
_java_thread_list=0x000001d3665fccb0, length=38, elements={
0x000001d344bec450, 0x000001d346fa4400, 0x000001d34716bee0, 0x000001d346fa9010,
0x000001d346faf240, 0x000001d346faff60, 0x000001d346fae520, 0x000001d346fb4e10,
0x000001d34702cd20, 0x000001d346fade90, 0x000001d346faf8d0, 0x000001d346fb0c80,
0x000001d346fb1310, 0x000001d346fb05f0, 0x000001d35e97d9a0, 0x000001d35e97fa70,
0x000001d35e97cc80, 0x000001d35e97ed50, 0x000001d35e97c5f0, 0x000001d35e980100,
0x000001d35e980790, 0x000001d35e97d310, 0x000001d35e9814b0, 0x000001d35e980e20,
0x000001d35e982ef0, 0x000001d35e983580, 0x000001d364d42f50, 0x000001d364d43c70,
0x000001d364d435e0, 0x000001d364d44990, 0x000001d364d45020, 0x000001d364d47e10,
0x000001d364d47780, 0x000001d364d491c0, 0x000001d364d463d0, 0x000001d364d470f0,
0x000001d3666d6aa0, 0x000001d3666d56f0
}

Java Threads: ( => current thread )
  0x000001d344bec450 JavaThread "main"                              [_thread_blocked, id=22024, stack(0x00000093a0a00000,0x00000093a0b00000) (1024K)]
  0x000001d346fa4400 JavaThread "Reference Handler"          daemon [_thread_blocked, id=23196, stack(0x00000093a0f00000,0x00000093a1000000) (1024K)]
  0x000001d34716bee0 JavaThread "Finalizer"                  daemon [_thread_blocked, id=6212, stack(0x00000093a1000000,0x00000093a1100000) (1024K)]
  0x000001d346fa9010 JavaThread "Signal Dispatcher"          daemon [_thread_blocked, id=20520, stack(0x00000093a1100000,0x00000093a1200000) (1024K)]
  0x000001d346faf240 JavaThread "Attach Listener"            daemon [_thread_blocked, id=14060, stack(0x00000093a1200000,0x00000093a1300000) (1024K)]
  0x000001d346faff60 JavaThread "Service Thread"             daemon [_thread_blocked, id=28436, stack(0x00000093a1300000,0x00000093a1400000) (1024K)]
  0x000001d346fae520 JavaThread "Monitor Deflation Thread"   daemon [_thread_blocked, id=24188, stack(0x00000093a1400000,0x00000093a1500000) (1024K)]
=>0x000001d346fb4e10 JavaThread "C2 CompilerThread0"         daemon [_thread_in_native, id=21636, stack(0x00000093a1500000,0x00000093a1600000) (1024K)]
  0x000001d34702cd20 JavaThread "C1 CompilerThread0"         daemon [_thread_blocked, id=27576, stack(0x00000093a1600000,0x00000093a1700000) (1024K)]
  0x000001d346fade90 JavaThread "Common-Cleaner"             daemon [_thread_blocked, id=24400, stack(0x00000093a1700000,0x00000093a1800000) (1024K)]
  0x000001d346faf8d0 JavaThread "Notification Thread"        daemon [_thread_blocked, id=12864, stack(0x00000093a1800000,0x00000093a1900000) (1024K)]
  0x000001d346fb0c80 JavaThread "Active Thread: Equinox Container: 427055e5-caf2-4f3b-bb13-9ca579b3806b"        [_thread_blocked, id=1332, stack(0x00000093a1c00000,0x00000093a1d00000) (1024K)]
  0x000001d346fb1310 JavaThread "Refresh Thread: Equinox Container: 427055e5-caf2-4f3b-bb13-9ca579b3806b" daemon [_thread_blocked, id=4468, stack(0x00000093a0900000,0x00000093a0a00000) (1024K)]
  0x000001d346fb05f0 JavaThread "Framework Event Dispatcher: Equinox Container: 427055e5-caf2-4f3b-bb13-9ca579b3806b" daemon [_thread_blocked, id=27780, stack(0x00000093a0b00000,0x00000093a0c00000) (1024K)]
  0x000001d35e97d9a0 JavaThread "Start Level: Equinox Container: 427055e5-caf2-4f3b-bb13-9ca579b3806b" daemon [_thread_blocked, id=27312, stack(0x00000093a1e00000,0x00000093a1f00000) (1024K)]
  0x000001d35e97fa70 JavaThread "Bundle File Closer"         daemon [_thread_blocked, id=26520, stack(0x00000093a1f00000,0x00000093a2000000) (1024K)]
  0x000001d35e97cc80 JavaThread "SCR Component Actor"        daemon [_thread_blocked, id=452, stack(0x00000093a1d00000,0x00000093a1e00000) (1024K)]
  0x000001d35e97ed50 JavaThread "Worker-JM"                         [_thread_blocked, id=21608, stack(0x00000093a2000000,0x00000093a2100000) (1024K)]
  0x000001d35e97c5f0 JavaThread "JNA Cleaner"                daemon [_thread_blocked, id=10784, stack(0x00000093a2300000,0x00000093a2400000) (1024K)]
  0x000001d35e980100 JavaThread "Worker-1: Initialize Workspace"        [_thread_in_vm, id=11764, stack(0x00000093a2500000,0x00000093a2600000) (1024K)]
  0x000001d35e980790 JavaThread "Worker-2"                          [_thread_blocked, id=22816, stack(0x00000093a2600000,0x00000093a2700000) (1024K)]
  0x000001d35e97d310 JavaThread "Worker-3"                          [_thread_blocked, id=21520, stack(0x00000093a2700000,0x00000093a2800000) (1024K)]
  0x000001d35e9814b0 JavaThread "Java indexing"              daemon [_thread_blocked, id=5100, stack(0x00000093a2800000,0x00000093a2900000) (1024K)]
  0x000001d35e980e20 JavaThread "Thread-1"                   daemon [_thread_in_native, id=10908, stack(0x00000093a2d00000,0x00000093a2e00000) (1024K)]
  0x000001d35e982ef0 JavaThread "Thread-2"                   daemon [_thread_in_native, id=1512, stack(0x00000093a2e00000,0x00000093a2f00000) (1024K)]
  0x000001d35e983580 JavaThread "Thread-3"                   daemon [_thread_in_native, id=25304, stack(0x00000093a2f00000,0x00000093a3000000) (1024K)]
  0x000001d364d42f50 JavaThread "Thread-4"                   daemon [_thread_in_native, id=21284, stack(0x00000093a3000000,0x00000093a3100000) (1024K)]
  0x000001d364d43c70 JavaThread "Thread-5"                   daemon [_thread_in_native, id=2304, stack(0x00000093a3100000,0x00000093a3200000) (1024K)]
  0x000001d364d435e0 JavaThread "pool-2-thread-1"                   [_thread_blocked, id=19444, stack(0x00000093a3200000,0x00000093a3300000) (1024K)]
  0x000001d364d44990 JavaThread "WorkspaceEventsHandler"            [_thread_blocked, id=18168, stack(0x00000093a3300000,0x00000093a3400000) (1024K)]
  0x000001d364d45020 JavaThread "pool-1-thread-1"                   [_thread_blocked, id=24804, stack(0x00000093a3400000,0x00000093a3500000) (1024K)]
  0x000001d364d47e10 JavaThread "ForkJoinPool.commonPool-worker-2" daemon [_thread_blocked, id=20196, stack(0x00000093a3900000,0x00000093a3a00000) (1024K)]
  0x000001d364d47780 JavaThread "ProjectImportProgressReporter" daemon [_thread_blocked, id=2604, stack(0x00000093a3a00000,0x00000093a3b00000) (1024K)]
  0x000001d364d491c0 JavaThread "Timer-0"                           [_thread_blocked, id=18876, stack(0x00000093a3b00000,0x00000093a3c00000) (1024K)]
  0x000001d364d463d0 JavaThread "Timer-1"                           [_thread_blocked, id=25920, stack(0x00000093a3600000,0x00000093a3700000) (1024K)]
  0x000001d364d470f0 JavaThread "Timer-2"                           [_thread_blocked, id=16996, stack(0x00000093a3c00000,0x00000093a3d00000) (1024K)]
  0x000001d3666d6aa0 JavaThread "Timer-3"                           [_thread_blocked, id=16320, stack(0x00000093a3e00000,0x00000093a3f00000) (1024K)]
  0x000001d3666d56f0 JavaThread "Timer-4"                           [_thread_blocked, id=21372, stack(0x00000093a3f00000,0x00000093a4000000) (1024K)]
Total: 38

Other Threads:
  0x000001d346f9f670 VMThread "VM Thread"                           [id=24744, stack(0x00000093a0e00000,0x00000093a0f00000) (1024K)]
  0x000001d34711e2e0 WatcherThread "VM Periodic Task Thread"        [id=2852, stack(0x00000093a0d00000,0x00000093a0e00000) (1024K)]
  0x000001d3470d1340 WorkerThread "GC Thread#0"                     [id=4836, stack(0x00000093a0c00000,0x00000093a0d00000) (1024K)]
  0x000001d36339ad20 WorkerThread "GC Thread#1"                     [id=12960, stack(0x00000093a1900000,0x00000093a1a00000) (1024K)]
  0x000001d36385fa90 WorkerThread "GC Thread#2"                     [id=15448, stack(0x00000093a1a00000,0x00000093a1b00000) (1024K)]
  0x000001d363474970 WorkerThread "GC Thread#3"                     [id=11088, stack(0x00000093a1b00000,0x00000093a1c00000) (1024K)]
Total: 6

Threads with active compile tasks:
C2 CompilerThread0  330732 9272   !   4       org.eclipse.osgi.internal.loader.classpath.ClasspathManager::defineClass (636 bytes)
Total: 1

VM state: not at safepoint (normal execution)

VM Mutex/Monitor currently owned by a thread: None

Heap address: 0x0000000080000000, size: 2048 MB, Compressed Oops mode: 32-bit

CDS archive(s) mapped at: [0x000001d300000000-0x000001d300ba0000-0x000001d300ba0000), size 12189696, SharedBaseAddress: 0x000001d300000000, ArchiveRelocationMode: 1.
Compressed class space mapped at: 0x000001d301000000-0x000001d341000000, reserved size: 1073741824
Narrow klass base: 0x000001d300000000, Narrow klass shift: 0, Narrow klass range: 0x100000000

GC Precious Log:
 CardTable entry size: 512
 CPUs: 4 total, 4 available
 Memory: 20220M
 Large Page Support: Disabled
 NUMA Support: Disabled
 Compressed Oops: Enabled (32-bit)
 Alignments: Space 512K, Generation 512K, Heap 2M
 Heap Min Capacity: 100M
 Heap Initial Capacity: 100M
 Heap Max Capacity: 2G
 Pre-touch: Disabled
 Parallel Workers: 4

Heap:
 PSYoungGen      total 22528K, used 18200K [0x00000000d5580000, 0x00000000d6e80000, 0x0000000100000000)
  eden space 22016K, 82% used [0x00000000d5580000,0x00000000d67363c8,0x00000000d6b00000)
  from space 512K, 12% used [0x00000000d6e00000,0x00000000d6e10000,0x00000000d6e80000)
  to   space 512K, 0% used [0x00000000d6d80000,0x00000000d6d80000,0x00000000d6e00000)
 ParOldGen       total 68608K, used 58572K [0x0000000080000000, 0x0000000084300000, 0x00000000d5580000)
  object space 68608K, 85% used [0x0000000080000000,0x0000000083933130,0x0000000084300000)
 Metaspace       used 70292K, committed 71808K, reserved 1114112K
  class space    used 8750K, committed 9472K, reserved 1048576K

Card table byte_map: [0x000001d346a50000,0x000001d346e60000] _byte_map_base: 0x000001d346650000

Marking Bits: (ParMarkBitMap*) 0x00007fffee953450
 Begin Bits: [0x000001d359560000, 0x000001d35b560000)
 End Bits:   [0x000001d35b560000, 0x000001d35d560000)

Polling page: 0x000001d344e70000

Metaspace:

Usage:
  Non-class:     60.10 MB used.
      Class:      8.55 MB used.
       Both:     68.65 MB used.

Virtual space:
  Non-class space:       64.00 MB reserved,      60.88 MB ( 95%) committed,  1 nodes.
      Class space:        1.00 GB reserved,       9.25 MB ( <1%) committed,  1 nodes.
             Both:        1.06 GB reserved,      70.12 MB (  6%) committed. 

Chunk freelists:
   Non-Class:  2.47 MB
       Class:  6.75 MB
        Both:  9.22 MB

MaxMetaspaceSize: unlimited
CompressedClassSpaceSize: 1.00 GB
Initial GC threshold: 21.00 MB
Current GC threshold: 97.31 MB
CDS: on
 - commit_granule_bytes: 65536.
 - commit_granule_words: 8192.
 - virtual_space_node_default_size: 8388608.
 - enlarge_chunks_in_place: 1.
 - use_allocation_guard: 0.


Internal statistics:

num_allocs_failed_limit: 9.
num_arena_births: 1212.
num_arena_deaths: 16.
num_vsnodes_births: 2.
num_vsnodes_deaths: 0.
num_space_committed: 1122.
num_space_uncommitted: 0.
num_chunks_returned_to_freelist: 26.
num_chunks_taken_from_freelist: 4161.
num_chunk_merges: 15.
num_chunk_splits: 2636.
num_chunks_enlarged: 1610.
num_inconsistent_stats: 0.

CodeHeap 'non-profiled nmethods': size=120000Kb used=6379Kb max_used=6379Kb free=113620Kb
 bounds [0x000001d351d80000, 0x000001d3523c0000, 0x000001d3592b0000]
CodeHeap 'profiled nmethods': size=120000Kb used=17584Kb max_used=17584Kb free=102415Kb
 bounds [0x000001d34a2b0000, 0x000001d34b3e0000, 0x000001d3517e0000]
CodeHeap 'non-nmethods': size=5760Kb used=1444Kb max_used=1518Kb free=4315Kb
 bounds [0x000001d3517e0000, 0x000001d351a50000, 0x000001d351d80000]
CodeCache: size=245760Kb, used=25407Kb, max_used=25481Kb, free=220350Kb
 total_blobs=9152, nmethods=8409, adapters=649, full_count=0
Compilation: enabled, stopped_count=0, restarted_count=0

Compilation events (20 events):
Event: 330.642 Thread 0x000001d34702cd20 nmethod 9270 0x000001d34b3d7690 code [0x000001d34b3d7840, 0x000001d34b3d7a58]
Event: 330.642 Thread 0x000001d34702cd20 9271       1       com.google.common.collect.EvictingQueue::delegate (5 bytes)
Event: 330.642 Thread 0x000001d34702cd20 nmethod 9271 0x000001d3523ba690 code [0x000001d3523ba820, 0x000001d3523ba8e8]
Event: 330.647 Thread 0x000001d346fb4e10 9272   !   4       org.eclipse.osgi.internal.loader.classpath.ClasspathManager::defineClass (636 bytes)
Event: 330.658 Thread 0x000001d34702cd20 9274       3       java.util.Formatter::<init> (18 bytes)
Event: 330.659 Thread 0x000001d34702cd20 nmethod 9274 0x000001d34b3d7b90 code [0x000001d34b3d7d60, 0x000001d34b3d80a8]
Event: 330.659 Thread 0x000001d34702cd20 9275       3       java.util.Formatter::<init> (15 bytes)
Event: 330.659 Thread 0x000001d34702cd20 nmethod 9275 0x000001d34b3d8210 code [0x000001d34b3d83c0, 0x000001d34b3d8558]
Event: 330.659 Thread 0x000001d34702cd20 9276       3       java.util.Formatter::toString (14 bytes)
Event: 330.659 Thread 0x000001d34702cd20 nmethod 9276 0x000001d34b3d8610 code [0x000001d34b3d87e0, 0x000001d34b3d8ac8]
Event: 330.660 Thread 0x000001d34702cd20 9277       3       java.lang.String::codePointAt (50 bytes)
Event: 330.660 Thread 0x000001d34702cd20 nmethod 9277 0x000001d34b3d8c10 code [0x000001d34b3d8e00, 0x000001d34b3d9258]
Event: 330.660 Thread 0x000001d34702cd20 9278       2       org.eclipse.core.internal.resources.WorkspaceRoot::getProject (111 bytes)
Event: 330.662 Thread 0x000001d34702cd20 nmethod 9278 0x000001d34b3d9490 code [0x000001d34b3d9700, 0x000001d34b3d9f70]
Event: 330.665 Thread 0x000001d34702cd20 9279       3       java.lang.StackTraceElement::length (13 bytes)
Event: 330.665 Thread 0x000001d34702cd20 nmethod 9279 0x000001d34b3da510 code [0x000001d34b3da6c0, 0x000001d34b3da910]
Event: 330.668 Thread 0x000001d34702cd20 9282       3       java.lang.Long::formatUnsignedLong0 (47 bytes)
Event: 330.668 Thread 0x000001d34702cd20 nmethod 9282 0x000001d34b3daa10 code [0x000001d34b3dabc0, 0x000001d34b3dadc0]
Event: 330.668 Thread 0x000001d34702cd20 9283       3       java.lang.ThreadLocal$ThreadLocalMap::set (133 bytes)
Event: 330.669 Thread 0x000001d34702cd20 nmethod 9283 0x000001d34b3daf10 code [0x000001d34b3db1a0, 0x000001d34b3dbdb0]

GC Heap History (20 events):
Event: 248.129 GC heap before
{Heap before GC invocations=44 (full 3):
 PSYoungGen      total 22528K, used 22525K [0x00000000d5580000, 0x00000000d6f80000, 0x0000000100000000)
  eden space 22016K, 100% used [0x00000000d5580000,0x00000000d6b00000,0x00000000d6b00000)
  from space 512K, 99% used [0x00000000d6f00000,0x00000000d6f7f4d0,0x00000000d6f80000)
  to   space 1536K, 0% used [0x00000000d6c80000,0x00000000d6c80000,0x00000000d6e00000)
 ParOldGen       total 68608K, used 57587K [0x0000000080000000, 0x0000000084300000, 0x00000000d5580000)
  object space 68608K, 83% used [0x0000000080000000,0x000000008383cf28,0x0000000084300000)
 Metaspace       used 68005K, committed 69440K, reserved 1114112K
  class space    used 8465K, committed 9088K, reserved 1048576K
}
Event: 248.130 GC heap after
{Heap after GC invocations=44 (full 3):
 PSYoungGen      total 23552K, used 1027K [0x00000000d5580000, 0x00000000d6f80000, 0x0000000100000000)
  eden space 22016K, 0% used [0x00000000d5580000,0x00000000d5580000,0x00000000d6b00000)
  from space 1536K, 66% used [0x00000000d6c80000,0x00000000d6d80fb8,0x00000000d6e00000)
  to   space 1536K, 0% used [0x00000000d6e00000,0x00000000d6e00000,0x00000000d6f80000)
 ParOldGen       total 68608K, used 57739K [0x0000000080000000, 0x0000000084300000, 0x00000000d5580000)
  object space 68608K, 84% used [0x0000000080000000,0x0000000083862f28,0x0000000084300000)
 Metaspace       used 68005K, committed 69440K, reserved 1114112K
  class space    used 8465K, committed 9088K, reserved 1048576K
}
Event: 248.384 GC heap before
{Heap before GC invocations=45 (full 3):
 PSYoungGen      total 23552K, used 23043K [0x00000000d5580000, 0x00000000d6f80000, 0x0000000100000000)
  eden space 22016K, 100% used [0x00000000d5580000,0x00000000d6b00000,0x00000000d6b00000)
  from space 1536K, 66% used [0x00000000d6c80000,0x00000000d6d80fb8,0x00000000d6e00000)
  to   space 1536K, 0% used [0x00000000d6e00000,0x00000000d6e00000,0x00000000d6f80000)
 ParOldGen       total 68608K, used 57739K [0x0000000080000000, 0x0000000084300000, 0x00000000d5580000)
  object space 68608K, 84% used [0x0000000080000000,0x0000000083862f28,0x0000000084300000)
 Metaspace       used 68005K, committed 69440K, reserved 1114112K
  class space    used 8465K, committed 9088K, reserved 1048576K
}
Event: 248.385 GC heap after
{Heap after GC invocations=45 (full 3):
 PSYoungGen      total 23040K, used 699K [0x00000000d5580000, 0x00000000d6f00000, 0x0000000100000000)
  eden space 22016K, 0% used [0x00000000d5580000,0x00000000d5580000,0x00000000d6b00000)
  from space 1024K, 68% used [0x00000000d6e00000,0x00000000d6eaee48,0x00000000d6f00000)
  to   space 1024K, 0% used [0x00000000d6d00000,0x00000000d6d00000,0x00000000d6e00000)
 ParOldGen       total 68608K, used 57787K [0x0000000080000000, 0x0000000084300000, 0x00000000d5580000)
  object space 68608K, 84% used [0x0000000080000000,0x000000008386ef28,0x0000000084300000)
 Metaspace       used 68005K, committed 69440K, reserved 1114112K
  class space    used 8465K, committed 9088K, reserved 1048576K
}
Event: 248.602 GC heap before
{Heap before GC invocations=46 (full 3):
 PSYoungGen      total 23040K, used 22715K [0x00000000d5580000, 0x00000000d6f00000, 0x0000000100000000)
  eden space 22016K, 100% used [0x00000000d5580000,0x00000000d6b00000,0x00000000d6b00000)
  from space 1024K, 68% used [0x00000000d6e00000,0x00000000d6eaee48,0x00000000d6f00000)
  to   space 1024K, 0% used [0x00000000d6d00000,0x00000000d6d00000,0x00000000d6e00000)
 ParOldGen       total 68608K, used 57787K [0x0000000080000000, 0x0000000084300000, 0x00000000d5580000)
  object space 68608K, 84% used [0x0000000080000000,0x000000008386ef28,0x0000000084300000)
 Metaspace       used 68005K, committed 69440K, reserved 1114112K
  class space    used 8465K, committed 9088K, reserved 1048576K
}
Event: 248.603 GC heap after
{Heap after GC invocations=46 (full 3):
 PSYoungGen      total 23040K, used 808K [0x00000000d5580000, 0x00000000d6e80000, 0x0000000100000000)
  eden space 22016K, 0% used [0x00000000d5580000,0x00000000d5580000,0x00000000d6b00000)
  from space 1024K, 78% used [0x00000000d6d00000,0x00000000d6dca3c8,0x00000000d6e00000)
  to   space 512K, 0% used [0x00000000d6e00000,0x00000000d6e00000,0x00000000d6e80000)
 ParOldGen       total 68608K, used 57795K [0x0000000080000000, 0x0000000084300000, 0x00000000d5580000)
  object space 68608K, 84% used [0x0000000080000000,0x0000000083870f28,0x0000000084300000)
 Metaspace       used 68005K, committed 69440K, reserved 1114112K
  class space    used 8465K, committed 9088K, reserved 1048576K
}
Event: 248.818 GC heap before
{Heap before GC invocations=47 (full 3):
 PSYoungGen      total 23040K, used 22824K [0x00000000d5580000, 0x00000000d6e80000, 0x0000000100000000)
  eden space 22016K, 100% used [0x00000000d5580000,0x00000000d6b00000,0x00000000d6b00000)
  from space 1024K, 78% used [0x00000000d6d00000,0x00000000d6dca3c8,0x00000000d6e00000)
  to   space 512K, 0% used [0x00000000d6e00000,0x00000000d6e00000,0x00000000d6e80000)
 ParOldGen       total 68608K, used 57795K [0x0000000080000000, 0x0000000084300000, 0x00000000d5580000)
  object space 68608K, 84% used [0x0000000080000000,0x0000000083870f28,0x0000000084300000)
 Metaspace       used 68006K, committed 69440K, reserved 1114112K
  class space    used 8465K, committed 9088K, reserved 1048576K
}
Event: 248.818 GC heap after
{Heap after GC invocations=47 (full 3):
 PSYoungGen      total 22528K, used 507K [0x00000000d5580000, 0x00000000d6e80000, 0x0000000100000000)
  eden space 22016K, 0% used [0x00000000d5580000,0x00000000d5580000,0x00000000d6b00000)
  from space 512K, 99% used [0x00000000d6e00000,0x00000000d6e7ef20,0x00000000d6e80000)
  to   space 1024K, 0% used [0x00000000d6c80000,0x00000000d6c80000,0x00000000d6d80000)
 ParOldGen       total 68608K, used 57948K [0x0000000080000000, 0x0000000084300000, 0x00000000d5580000)
  object space 68608K, 84% used [0x0000000080000000,0x00000000838970e0,0x0000000084300000)
 Metaspace       used 68006K, committed 69440K, reserved 1114112K
  class space    used 8465K, committed 9088K, reserved 1048576K
}
Event: 249.080 GC heap before
{Heap before GC invocations=48 (full 3):
 PSYoungGen      total 22528K, used 22523K [0x00000000d5580000, 0x00000000d6e80000, 0x0000000100000000)
  eden space 22016K, 100% used [0x00000000d5580000,0x00000000d6b00000,0x00000000d6b00000)
  from space 512K, 99% used [0x00000000d6e00000,0x00000000d6e7ef20,0x00000000d6e80000)
  to   space 1024K, 0% used [0x00000000d6c80000,0x00000000d6c80000,0x00000000d6d80000)
 ParOldGen       total 68608K, used 57948K [0x0000000080000000, 0x0000000084300000, 0x00000000d5580000)
  object space 68608K, 84% used [0x0000000080000000,0x00000000838970e0,0x0000000084300000)
 Metaspace       used 68006K, committed 69440K, reserved 1114112K
  class space    used 8465K, committed 9088K, reserved 1048576K
}
Event: 249.081 GC heap after
{Heap after GC invocations=48 (full 3):
 PSYoungGen      total 23040K, used 343K [0x00000000d5580000, 0x00000000d6e80000, 0x0000000100000000)
  eden space 22016K, 0% used [0x00000000d5580000,0x00000000d5580000,0x00000000d6b00000)
  from space 1024K, 33% used [0x00000000d6c80000,0x00000000d6cd5d40,0x00000000d6d80000)
  to   space 512K, 0% used [0x00000000d6e00000,0x00000000d6e00000,0x00000000d6e80000)
 ParOldGen       total 68608K, used 57964K [0x0000000080000000, 0x0000000084300000, 0x00000000d5580000)
  object space 68608K, 84% used [0x0000000080000000,0x000000008389b0e0,0x0000000084300000)
 Metaspace       used 68006K, committed 69440K, reserved 1114112K
  class space    used 8465K, committed 9088K, reserved 1048576K
}
Event: 249.309 GC heap before
{Heap before GC invocations=49 (full 3):
 PSYoungGen      total 23040K, used 22359K [0x00000000d5580000, 0x00000000d6e80000, 0x0000000100000000)
  eden space 22016K, 100% used [0x00000000d5580000,0x00000000d6b00000,0x00000000d6b00000)
  from space 1024K, 33% used [0x00000000d6c80000,0x00000000d6cd5d40,0x00000000d6d80000)
  to   space 512K, 0% used [0x00000000d6e00000,0x00000000d6e00000,0x00000000d6e80000)
 ParOldGen       total 68608K, used 57964K [0x0000000080000000, 0x0000000084300000, 0x00000000d5580000)
  object space 68608K, 84% used [0x0000000080000000,0x000000008389b0e0,0x0000000084300000)
 Metaspace       used 68006K, committed 69440K, reserved 1114112K
  class space    used 8465K, committed 9088K, reserved 1048576K
}
Event: 249.310 GC heap after
{Heap after GC invocations=49 (full 3):
 PSYoungGen      total 22528K, used 234K [0x00000000d5580000, 0x00000000d6e80000, 0x0000000100000000)
  eden space 22016K, 0% used [0x00000000d5580000,0x00000000d5580000,0x00000000d6b00000)
  from space 512K, 45% used [0x00000000d6e00000,0x00000000d6e3a800,0x00000000d6e80000)
  to   space 512K, 0% used [0x00000000d6d80000,0x00000000d6d80000,0x00000000d6e00000)
 ParOldGen       total 68608K, used 57980K [0x0000000080000000, 0x0000000084300000, 0x00000000d5580000)
  object space 68608K, 84% used [0x0000000080000000,0x000000008389f0e0,0x0000000084300000)
 Metaspace       used 68006K, committed 69440K, reserved 1114112K
  class space    used 8465K, committed 9088K, reserved 1048576K
}
Event: 249.645 GC heap before
{Heap before GC invocations=50 (full 3):
 PSYoungGen      total 22528K, used 22250K [0x00000000d5580000, 0x00000000d6e80000, 0x0000000100000000)
  eden space 22016K, 100% used [0x00000000d5580000,0x00000000d6b00000,0x00000000d6b00000)
  from space 512K, 45% used [0x00000000d6e00000,0x00000000d6e3a800,0x00000000d6e80000)
  to   space 512K, 0% used [0x00000000d6d80000,0x00000000d6d80000,0x00000000d6e00000)
 ParOldGen       total 68608K, used 57980K [0x0000000080000000, 0x0000000084300000, 0x00000000d5580000)
  object space 68608K, 84% used [0x0000000080000000,0x000000008389f0e0,0x0000000084300000)
 Metaspace       used 68356K, committed 69760K, reserved 1114112K
  class space    used 8527K, committed 9152K, reserved 1048576K
}
Event: 249.646 GC heap after
{Heap after GC invocations=50 (full 3):
 PSYoungGen      total 22528K, used 224K [0x00000000d5580000, 0x00000000d6e80000, 0x0000000100000000)
  eden space 22016K, 0% used [0x00000000d5580000,0x00000000d5580000,0x00000000d6b00000)
  from space 512K, 43% used [0x00000000d6d80000,0x00000000d6db8000,0x00000000d6e00000)
  to   space 512K, 0% used [0x00000000d6e00000,0x00000000d6e00000,0x00000000d6e80000)
 ParOldGen       total 68608K, used 58012K [0x0000000080000000, 0x0000000084300000, 0x00000000d5580000)
  object space 68608K, 84% used [0x0000000080000000,0x00000000838a70e0,0x0000000084300000)
 Metaspace       used 68356K, committed 69760K, reserved 1114112K
  class space    used 8527K, committed 9152K, reserved 1048576K
}
Event: 277.720 GC heap before
{Heap before GC invocations=51 (full 3):
 PSYoungGen      total 22528K, used 22240K [0x00000000d5580000, 0x00000000d6e80000, 0x0000000100000000)
  eden space 22016K, 100% used [0x00000000d5580000,0x00000000d6b00000,0x00000000d6b00000)
  from space 512K, 43% used [0x00000000d6d80000,0x00000000d6db8000,0x00000000d6e00000)
  to   space 512K, 0% used [0x00000000d6e00000,0x00000000d6e00000,0x00000000d6e80000)
 ParOldGen       total 68608K, used 58012K [0x0000000080000000, 0x0000000084300000, 0x00000000d5580000)
  object space 68608K, 84% used [0x0000000080000000,0x00000000838a70e0,0x0000000084300000)
 Metaspace       used 70125K, committed 71488K, reserved 1114112K
  class space    used 8718K, committed 9344K, reserved 1048576K
}
Event: 277.723 GC heap after
{Heap after GC invocations=51 (full 3):
 PSYoungGen      total 22528K, used 416K [0x00000000d5580000, 0x00000000d6e80000, 0x0000000100000000)
  eden space 22016K, 0% used [0x00000000d5580000,0x00000000d5580000,0x00000000d6b00000)
  from space 512K, 81% used [0x00000000d6e00000,0x00000000d6e68010,0x00000000d6e80000)
  to   space 512K, 0% used [0x00000000d6d80000,0x00000000d6d80000,0x00000000d6e00000)
 ParOldGen       total 68608K, used 58156K [0x0000000080000000, 0x0000000084300000, 0x00000000d5580000)
  object space 68608K, 84% used [0x0000000080000000,0x00000000838cb0e0,0x0000000084300000)
 Metaspace       used 70125K, committed 71488K, reserved 1114112K
  class space    used 8718K, committed 9344K, reserved 1048576K
}
Event: 279.749 GC heap before
{Heap before GC invocations=52 (full 3):
 PSYoungGen      total 22528K, used 22432K [0x00000000d5580000, 0x00000000d6e80000, 0x0000000100000000)
  eden space 22016K, 100% used [0x00000000d5580000,0x00000000d6b00000,0x00000000d6b00000)
  from space 512K, 81% used [0x00000000d6e00000,0x00000000d6e68010,0x00000000d6e80000)
  to   space 512K, 0% used [0x00000000d6d80000,0x00000000d6d80000,0x00000000d6e00000)
 ParOldGen       total 68608K, used 58156K [0x0000000080000000, 0x0000000084300000, 0x00000000d5580000)
  object space 68608K, 84% used [0x0000000080000000,0x00000000838cb0e0,0x0000000084300000)
 Metaspace       used 70128K, committed 71488K, reserved 1114112K
  class space    used 8718K, committed 9344K, reserved 1048576K
}
Event: 279.750 GC heap after
{Heap after GC invocations=52 (full 3):
 PSYoungGen      total 22528K, used 128K [0x00000000d5580000, 0x00000000d6e80000, 0x0000000100000000)
  eden space 22016K, 0% used [0x00000000d5580000,0x00000000d5580000,0x00000000d6b00000)
  from space 512K, 25% used [0x00000000d6d80000,0x00000000d6da0000,0x00000000d6e00000)
  to   space 512K, 0% used [0x00000000d6e00000,0x00000000d6e00000,0x00000000d6e80000)
 ParOldGen       total 68608K, used 58548K [0x0000000080000000, 0x0000000084300000, 0x00000000d5580000)
  object space 68608K, 85% used [0x0000000080000000,0x000000008392d130,0x0000000084300000)
 Metaspace       used 70128K, committed 71488K, reserved 1114112K
  class space    used 8718K, committed 9344K, reserved 1048576K
}
Event: 281.307 GC heap before
{Heap before GC invocations=53 (full 3):
 PSYoungGen      total 22528K, used 22144K [0x00000000d5580000, 0x00000000d6e80000, 0x0000000100000000)
  eden space 22016K, 100% used [0x00000000d5580000,0x00000000d6b00000,0x00000000d6b00000)
  from space 512K, 25% used [0x00000000d6d80000,0x00000000d6da0000,0x00000000d6e00000)
  to   space 512K, 0% used [0x00000000d6e00000,0x00000000d6e00000,0x00000000d6e80000)
 ParOldGen       total 68608K, used 58548K [0x0000000080000000, 0x0000000084300000, 0x00000000d5580000)
  object space 68608K, 85% used [0x0000000080000000,0x000000008392d130,0x0000000084300000)
 Metaspace       used 70128K, committed 71488K, reserved 1114112K
  class space    used 8718K, committed 9344K, reserved 1048576K
}
Event: 281.311 GC heap after
{Heap after GC invocations=53 (full 3):
 PSYoungGen      total 22528K, used 64K [0x00000000d5580000, 0x00000000d6e80000, 0x0000000100000000)
  eden space 22016K, 0% used [0x00000000d5580000,0x00000000d5580000,0x00000000d6b00000)
  from space 512K, 12% used [0x00000000d6e00000,0x00000000d6e10000,0x00000000d6e80000)
  to   space 512K, 0% used [0x00000000d6d80000,0x00000000d6d80000,0x00000000d6e00000)
 ParOldGen       total 68608K, used 58572K [0x0000000080000000, 0x0000000084300000, 0x00000000d5580000)
  object space 68608K, 85% used [0x0000000080000000,0x0000000083933130,0x0000000084300000)
 Metaspace       used 70128K, committed 71488K, reserved 1114112K
  class space    used 8718K, committed 9344K, reserved 1048576K
}

Dll operation events (15 events):
Event: 0.017 Loaded shared library c:\Users\Yassine\.vscode\extensions\redhat.java-1.54.0-win32-x64\jre\21.0.10-win32-x86_64\bin\java.dll
Event: 1.353 Loaded shared library c:\Users\Yassine\.vscode\extensions\redhat.java-1.54.0-win32-x64\jre\21.0.10-win32-x86_64\bin\zip.dll
Event: 1.429 Loaded shared library C:\Users\Yassine\.vscode\extensions\redhat.java-1.54.0-win32-x64\jre\21.0.10-win32-x86_64\bin\instrument.dll
Event: 1.435 Loaded shared library C:\Users\Yassine\.vscode\extensions\redhat.java-1.54.0-win32-x64\jre\21.0.10-win32-x86_64\bin\net.dll
Event: 1.465 Loaded shared library C:\Users\Yassine\.vscode\extensions\redhat.java-1.54.0-win32-x64\jre\21.0.10-win32-x86_64\bin\nio.dll
Event: 1.526 Loaded shared library C:\Users\Yassine\.vscode\extensions\redhat.java-1.54.0-win32-x64\jre\21.0.10-win32-x86_64\bin\zip.dll
Event: 2.322 Loaded shared library C:\Users\Yassine\.vscode\extensions\redhat.java-1.54.0-win32-x64\jre\21.0.10-win32-x86_64\bin\jimage.dll
Event: 4.125 Loaded shared library c:\Users\Yassine\.vscode\extensions\redhat.java-1.54.0-win32-x64\jre\21.0.10-win32-x86_64\bin\verify.dll
Event: 106.828 Loaded shared library C:\Users\Yassine\AppData\Roaming\Code\User\globalStorage\redhat.java\1.54.0\config_win\org.eclipse.equinox.launcher\org.eclipse.equinox.launcher.win32.win32.x86_64_1.3.0.v20260203-2149\eclipse_11919.dll
Event: 199.368 Loaded shared library C:\Users\Yassine\AppData\Local\Temp\jna-270211928\jna16802964035747687840.dll
Event: 230.465 Loaded shared library C:\Users\Yassine\.vscode\extensions\redhat.java-1.54.0-win32-x64\jre\21.0.10-win32-x86_64\bin\sunmscapi.dll
Event: 232.761 Loaded shared library C:\Users\Yassine\.vscode\extensions\redhat.java-1.54.0-win32-x64\jre\21.0.10-win32-x86_64\bin\extnet.dll
Event: 238.707 Loaded shared library C:\Users\Yassine\.gradle\native\c067742578af261105cb4f569cf0c3c89f3d7b1fecec35dd04571415982c5e48\windows-amd64\native-platform.dll
Event: 241.865 Loaded shared library C:\Users\Yassine\.vscode\extensions\redhat.java-1.54.0-win32-x64\jre\21.0.10-win32-x86_64\bin\management.dll
Event: 241.869 Loaded shared library C:\Users\Yassine\.vscode\extensions\redhat.java-1.54.0-win32-x64\jre\21.0.10-win32-x86_64\bin\management_ext.dll

Deoptimization events (20 events):
Event: 330.633 Thread 0x000001d3666d84e0 Uncommon trap: trap_request=0xffffff45 fr.pc=0x000001d352375228 relative=0x0000000000002e08
Event: 330.633 Thread 0x000001d3666d84e0 Uncommon trap: reason=unstable_if action=reinterpret pc=0x000001d352375228 method=sun.nio.ch.WEPollSelectorImpl.toReadyOps(I)I @ 5 c2
Event: 330.633 Thread 0x000001d3666d84e0 DEOPT PACKING pc=0x000001d352375228 sp=0x00000093a40fe700
Event: 330.633 Thread 0x000001d3666d84e0 DEOPT UNPACKING pc=0x000001d351836da2 sp=0x00000093a40fe360 mode 2
Event: 330.635 Thread 0x000001d3666d84e0 Uncommon trap: trap_request=0xfffffff4 fr.pc=0x000001d352383934 relative=0x00000000000001d4
Event: 330.635 Thread 0x000001d3666d84e0 Uncommon trap: reason=null_check action=make_not_entrant pc=0x000001d352383934 method=org.gradle.launcher.daemon.client.DaemonClientConnection.receive()Lorg/gradle/launcher/daemon/protocol/Message; @ 9 c2
Event: 330.635 Thread 0x000001d3666d84e0 DEOPT PACKING pc=0x000001d352383934 sp=0x00000093a40fe8d0
Event: 330.635 Thread 0x000001d3666d84e0 DEOPT UNPACKING pc=0x000001d351836da2 sp=0x00000093a40fe870 mode 2
Event: 330.644 Thread 0x000001d3666d84e0 Uncommon trap: trap_request=0xffffff45 fr.pc=0x000001d3522e5c9c relative=0x00000000000013fc
Event: 330.644 Thread 0x000001d3666d84e0 Uncommon trap: reason=unstable_if action=reinterpret pc=0x000001d3522e5c9c method=java.net.URI.appendAuthority(Ljava/lang/StringBuilder;Ljava/lang/String;Ljava/lang/String;Ljava/lang/String;I)V @ 130 c2
Event: 330.644 Thread 0x000001d3666d84e0 DEOPT PACKING pc=0x000001d3522e5c9c sp=0x00000093a40fe550
Event: 330.644 Thread 0x000001d3666d84e0 DEOPT UNPACKING pc=0x000001d351836da2 sp=0x00000093a40fe410 mode 2
Event: 330.646 Thread 0x000001d3666d84e0 Uncommon trap: trap_request=0xffffffde fr.pc=0x000001d3523804e8 relative=0x0000000000001048
Event: 330.646 Thread 0x000001d3666d84e0 Uncommon trap: reason=class_check action=maybe_recompile pc=0x000001d3523804e8 method=org.gradle.internal.dispatch.ProxyDispatchAdapter$DispatchingInvocationHandler.invoke(Ljava/lang/Object;Ljava/lang/reflect/Method;[Ljava/lang/Object;)Ljava/lang/Object; 
Event: 330.646 Thread 0x000001d3666d84e0 DEOPT PACKING pc=0x000001d3523804e8 sp=0x00000093a40ff0e0
Event: 330.646 Thread 0x000001d3666d84e0 DEOPT UNPACKING pc=0x000001d351836da2 sp=0x00000093a40ff0b0 mode 2
Event: 330.667 Thread 0x000001d35e980100 Uncommon trap: trap_request=0xffffffc6 fr.pc=0x000001d3521c09c4 relative=0x0000000000000404
Event: 330.667 Thread 0x000001d35e980100 Uncommon trap: reason=bimorphic_or_optimized_type_check action=maybe_recompile pc=0x000001d3521c09c4 method=org.eclipse.core.internal.dtree.AbstractDataTreeNode.assembleWith(Lorg/eclipse/core/internal/dtree/AbstractDataTreeNode;)Lorg/eclipse/core/internal
Event: 330.667 Thread 0x000001d35e980100 DEOPT PACKING pc=0x000001d3521c09c4 sp=0x00000093a25fe220
Event: 330.667 Thread 0x000001d35e980100 DEOPT UNPACKING pc=0x000001d351836da2 sp=0x00000093a25fe1c8 mode 2

Classes loaded (20 events):
Event: 254.984 Loading class java/io/ObjectStreamClass$4
Event: 254.985 Loading class java/io/ObjectStreamClass$4 done
Event: 254.985 Loading class java/io/ObjectStreamClass$5
Event: 254.985 Loading class java/io/ObjectStreamClass$5 done
Event: 255.054 Loading class java/nio/channels/spi/AbstractSelector$1
Event: 255.054 Loading class java/nio/channels/spi/AbstractSelector$1 done
Event: 255.323 Loading class java/util/concurrent/Executors$AutoShutdownDelegatedExecutorService
Event: 255.323 Loading class java/util/concurrent/Executors$AutoShutdownDelegatedExecutorService done
Event: 257.665 Loading class java/lang/UnsupportedClassVersionError
Event: 257.665 Loading class java/lang/UnsupportedClassVersionError done
Event: 287.352 Loading class java/time/Ser
Event: 287.353 Loading class java/time/Ser done
Event: 330.633 Loading class sun/net/ConnectionResetException
Event: 330.633 Loading class sun/net/ConnectionResetException done
Event: 330.664 Loading class sun/misc/SharedSecrets
Event: 330.664 Loading class sun/misc/SharedSecrets done
Event: 330.664 Loading class java/lang/Throwable$WrappedPrintWriter
Event: 330.664 Loading class java/lang/Throwable$PrintStreamOrWriter
Event: 330.664 Loading class java/lang/Throwable$PrintStreamOrWriter done
Event: 330.664 Loading class java/lang/Throwable$WrappedPrintWriter done

Classes unloaded (8 events):
Event: 212.901 Thread 0x000001d346f9f670 Unloading class 0x000001d3011aac00 'java/lang/invoke/LambdaForm$MH+0x000001d3011aac00'
Event: 212.901 Thread 0x000001d346f9f670 Unloading class 0x000001d3011aa800 'java/lang/invoke/LambdaForm$MH+0x000001d3011aa800'
Event: 212.901 Thread 0x000001d346f9f670 Unloading class 0x000001d3011aa400 'java/lang/invoke/LambdaForm$MH+0x000001d3011aa400'
Event: 212.901 Thread 0x000001d346f9f670 Unloading class 0x000001d3011aa000 'java/lang/invoke/LambdaForm$MH+0x000001d3011aa000'
Event: 212.901 Thread 0x000001d346f9f670 Unloading class 0x000001d3011a9c00 'java/lang/invoke/LambdaForm$BMH+0x000001d3011a9c00'
Event: 212.901 Thread 0x000001d346f9f670 Unloading class 0x000001d3011a9800 'java/lang/invoke/LambdaForm$DMH+0x000001d3011a9800'
Event: 212.901 Thread 0x000001d346f9f670 Unloading class 0x000001d3011a8400 'java/lang/invoke/LambdaForm$DMH+0x000001d3011a8400'
Event: 229.844 Thread 0x000001d346f9f670 Unloading class 0x000001d3012aa800 'java/lang/invoke/LambdaForm$MH+0x000001d3012aa800'

Classes redefined (0 events):
No events

Internal exceptions (20 events):
Event: 257.669 Thread 0x000001d3666d84e0 Exception <a 'java/lang/NoSuchMethodError'{0x00000000d6237ce0}: static Lorg/gradle/internal/build/event/types/AbstractProgressEvent;.<clinit>()V> (0x00000000d6237ce0) 
thrown [s\src\hotspot\share\prims\jni.cpp, line 1111]
Event: 257.670 Thread 0x000001d3666d84e0 Exception <a 'java/lang/NoSuchMethodError'{0x00000000d62615c0}: static Lorg/gradle/internal/build/event/types/DefaultOperationStartedProgressEvent;.<clinit>()V> (0x00000000d62615c0) 
thrown [s\src\hotspot\share\prims\jni.cpp, line 1111]
Event: 257.679 Thread 0x000001d3666d84e0 Exception <a 'java/lang/NoSuchMethodError'{0x00000000d6277518}: static Lorg/gradle/internal/build/event/types/DefaultOperationDescriptor;.<clinit>()V> (0x00000000d6277518) 
thrown [s\src\hotspot\share\prims\jni.cpp, line 1111]
Event: 257.685 Thread 0x000001d3666d84e0 Exception <a 'java/lang/NoSuchMethodError'{0x00000000d6286008}: static Lorg/gradle/internal/operations/OperationIdentifier;.<clinit>()V> (0x00000000d6286008) 
thrown [s\src\hotspot\share\prims\jni.cpp, line 1111]
Event: 260.624 Thread 0x000001d3666d84e0 Exception <a 'java/lang/NoSuchMethodError'{0x00000000d62fb008}: static Lorg/gradle/internal/build/event/types/DefaultOperationFinishedProgressEvent;.<clinit>()V> (0x00000000d62fb008) 
thrown [s\src\hotspot\share\prims\jni.cpp, line 1111]
Event: 260.628 Thread 0x000001d3666d84e0 Exception <a 'java/lang/NoSuchMethodError'{0x00000000d6311920}: static Lorg/gradle/internal/build/event/types/AbstractResult;.<clinit>()V> (0x00000000d6311920) 
thrown [s\src\hotspot\share\prims\jni.cpp, line 1111]
Event: 260.630 Thread 0x000001d3666d84e0 Exception <a 'java/lang/NoSuchMethodError'{0x00000000d631f388}: static Lorg/gradle/internal/build/event/types/AbstractOperationResult;.<clinit>()V> (0x00000000d631f388) 
thrown [s\src\hotspot\share\prims\jni.cpp, line 1111]
Event: 260.631 Thread 0x000001d3666d84e0 Exception <a 'java/lang/NoSuchMethodError'{0x00000000d632d3b8}: static Lorg/gradle/internal/build/event/types/DefaultSuccessResult;.<clinit>()V> (0x00000000d632d3b8) 
thrown [s\src\hotspot\share\prims\jni.cpp, line 1111]
Event: 273.985 Thread 0x000001d3666d84e0 Exception <a 'java/lang/NoSuchMethodError'{0x00000000d6500790}: static Lorg/gradle/internal/build/event/types/DefaultBuildPhaseDescriptor;.<clinit>()V> (0x00000000d6500790) 
thrown [s\src\hotspot\share\prims\jni.cpp, line 1111]
Event: 275.887 Thread 0x000001d3666d84e0 Exception <a 'java/lang/NoSuchMethodError'{0x00000000d65faab8}: static Lorg/gradle/internal/build/event/types/DefaultProjectConfigurationDescriptor;.<clinit>()V> (0x00000000d65faab8) 
thrown [s\src\hotspot\share\prims\jni.cpp, line 1111]
Event: 287.334 Thread 0x000001d3666d84e0 Exception <a 'java/lang/NoSuchMethodError'{0x00000000d5742520}: static Lorg/gradle/internal/build/event/types/AbstractProjectConfigurationResult;.<clinit>()V> (0x00000000d5742520) 
thrown [s\src\hotspot\share\prims\jni.cpp, line 1111]
Event: 287.335 Thread 0x000001d3666d84e0 Exception <a 'java/lang/NoSuchMethodError'{0x00000000d5751d08}: static Lorg/gradle/internal/build/event/types/DefaultProjectConfigurationSuccessResult;.<clinit>()V> (0x00000000d5751d08) 
thrown [s\src\hotspot\share\prims\jni.cpp, line 1111]
Event: 287.347 Thread 0x000001d3666d84e0 Exception <a 'java/lang/NoSuchMethodError'{0x00000000d576ab68}: static Lorg/gradle/internal/build/event/types/DefaultPluginApplicationResult;.<clinit>()V> (0x00000000d576ab68) 
thrown [s\src\hotspot\share\prims\jni.cpp, line 1111]
Event: 287.348 Thread 0x000001d3666d84e0 Exception <a 'java/lang/NoSuchMethodError'{0x00000000d57845b8}: static Lorg/gradle/internal/build/event/types/DefaultBinaryPluginIdentifier;.<clinit>()V> (0x00000000d57845b8) 
thrown [s\src\hotspot\share\prims\jni.cpp, line 1111]
Event: 287.361 Thread 0x000001d3666d84e0 Exception <a 'java/lang/NoSuchMethodError'{0x00000000d57a3760}: static Lorg/gradle/internal/build/event/types/DefaultScriptPluginIdentifier;.<clinit>()V> (0x00000000d57a3760) 
thrown [s\src\hotspot\share\prims\jni.cpp, line 1111]
Event: 330.633 Thread 0x000001d3666d84e0 Exception <a 'sun/net/ConnectionResetException'{0x00000000d650b4b0}: Connection reset> (0x00000000d650b4b0) 
thrown [s\src\hotspot\share\prims\jni.cpp, line 539]
Event: 330.645 Thread 0x000001d3666d84e0 Exception <a 'java/io/IOException'{0x00000000d65b1928}: Connection reset by peer> (0x00000000d65b1928) 
thrown [s\src\hotspot\share\prims\jni.cpp, line 539]
Event: 330.664 Thread 0x000001d35e980100 Exception <a 'java/lang/ClassNotFoundException'{0x00000000d667ad90}: sun/misc/SharedSecrets> (0x00000000d667ad90) 
thrown [s\src\hotspot\share\classfile\systemDictionary.cpp, line 312]
Event: 330.665 Thread 0x000001d35e980100 Exception <a 'java/lang/NoSuchMethodError'{0x00000000d6696fc0}: 'void java.lang.invoke.DirectMethodHandle$Holder.invokeStatic(java.lang.Object, int, java.lang.Object)'> (0x00000000d6696fc0) 
thrown [s\src\hotspot\share\interpreter\linkResolver.cpp, line 773]
Event: 330.666 Thread 0x000001d35e980100 Exception <a 'java/lang/NoSuchMethodError'{0x00000000d66a4a10}: 'void java.lang.invoke.DirectMethodHandle$Holder.invokeSpecialIFC(java.lang.Object, java.lang.Object, java.lang.Object, java.lang.Object)'> (0x00000000d66a4a10) 
thrown [s\src\hotspot\share\interpreter\linkResolver.cpp, line 773]

ZGC Phase Switch (0 events):
No events

VM Operations (20 events):
Event: 281.307 Executing safepoint VM operation: ParallelGCFailedAllocation (Allocation Failure)
Event: 281.311 Executing safepoint VM operation: ParallelGCFailedAllocation (Allocation Failure) done
Event: 283.312 Executing safepoint VM operation: Cleanup
Event: 283.312 Executing safepoint VM operation: Cleanup done
Event: 284.313 Executing safepoint VM operation: Cleanup
Event: 284.313 Executing safepoint VM operation: Cleanup done
Event: 286.317 Executing safepoint VM operation: Cleanup
Event: 286.317 Executing safepoint VM operation: Cleanup done
Event: 288.338 Executing safepoint VM operation: Cleanup
Event: 288.339 Executing safepoint VM operation: Cleanup done
Event: 301.428 Executing non-safepoint VM operation: HandshakeAllThreads (HandshakeForDeflation)
Event: 301.428 Executing non-safepoint VM operation: HandshakeAllThreads (HandshakeForDeflation) done
Event: 301.428 Executing non-safepoint VM operation: RendezvousGCThreads
Event: 301.428 Executing non-safepoint VM operation: RendezvousGCThreads done
Event: 307.430 Executing safepoint VM operation: Cleanup
Event: 307.430 Executing safepoint VM operation: Cleanup done
Event: 330.649 Executing non-safepoint VM operation: HandshakeAllThreads (Deoptimize)
Event: 330.649 Executing non-safepoint VM operation: HandshakeAllThreads (Deoptimize) done
Event: 330.649 Executing safepoint VM operation: Cleanup
Event: 330.649 Executing safepoint VM operation: Cleanup done

Memory protections (0 events):
No events

Nmethod flushes (20 events):
Event: 241.629 Thread 0x000001d346f9f670 flushing  nmethod 0x000001d34abe9710
Event: 241.629 Thread 0x000001d346f9f670 flushing  nmethod 0x000001d34abfff10
Event: 241.629 Thread 0x000001d346f9f670 flushing  nmethod 0x000001d34ac51010
Event: 241.629 Thread 0x000001d346f9f670 flushing  nmethod 0x000001d34ac67910
Event: 241.629 Thread 0x000001d346f9f670 flushing  nmethod 0x000001d34ac69c90
Event: 241.629 Thread 0x000001d346f9f670 flushing  nmethod 0x000001d34ac6cf90
Event: 241.629 Thread 0x000001d346f9f670 flushing  nmethod 0x000001d34ac6e090
Event: 241.629 Thread 0x000001d346f9f670 flushing  nmethod 0x000001d34ac85090
Event: 241.629 Thread 0x000001d346f9f670 flushing  nmethod 0x000001d34ac8b390
Event: 241.629 Thread 0x000001d346f9f670 flushing  nmethod 0x000001d34ac98e10
Event: 241.629 Thread 0x000001d346f9f670 flushing  nmethod 0x000001d34acb2110
Event: 241.629 Thread 0x000001d346f9f670 flushing  nmethod 0x000001d34acbd810
Event: 241.629 Thread 0x000001d346f9f670 flushing  nmethod 0x000001d34acc8590
Event: 241.629 Thread 0x000001d346f9f670 flushing  nmethod 0x000001d34acf8490
Event: 241.629 Thread 0x000001d346f9f670 flushing  nmethod 0x000001d34ad1fb10
Event: 241.629 Thread 0x000001d346f9f670 flushing  nmethod 0x000001d34ad29790
Event: 241.629 Thread 0x000001d346f9f670 flushing  nmethod 0x000001d34ad2b490
Event: 241.629 Thread 0x000001d346f9f670 flushing  nmethod 0x000001d34ad2c310
Event: 241.629 Thread 0x000001d346f9f670 flushing  nmethod 0x000001d34ad2c690
Event: 241.629 Thread 0x000001d346f9f670 flushing  nmethod 0x000001d34ad34f10

Events (20 events):
Event: 245.423 Thread 0x000001d3666d7130 Thread exited: 0x000001d3666d7130
Event: 245.424 Thread 0x000001d35e980100 Thread added: 0x000001d3666d56f0
Event: 245.430 Thread 0x000001d35e980100 Thread added: 0x000001d3666d84e0
Event: 245.654 Thread 0x000001d365c713f0 Thread exited: 0x000001d365c713f0
Event: 249.607 Thread 0x000001d3666d84e0 Thread added: 0x000001d3666d5d80
Event: 249.932 Thread 0x000001d3666d84e0 Thread added: 0x000001d3666d5060
Event: 249.959 Thread 0x000001d3666d5060 Thread added: 0x000001d3666d7130
Event: 249.961 Thread 0x000001d3666d7130 Thread exited: 0x000001d3666d7130
Event: 249.962 Thread 0x000001d3666d5060 Thread added: 0x000001d3666d7130
Event: 251.167 Thread 0x000001d364d42230 Thread exited: 0x000001d364d42230
Event: 254.857 Thread 0x000001d3666d5060 Thread exited: 0x000001d3666d5060
Event: 254.857 Thread 0x000001d3666d7130 Thread exited: 0x000001d3666d7130
Event: 278.512 Thread 0x000001d346fb4e10 Thread added: 0x000001d366b3d8e0
Event: 279.167 Thread 0x000001d366b3d8e0 Thread exited: 0x000001d366b3d8e0
Event: 297.153 Thread 0x000001d364d428c0 Thread exited: 0x000001d364d428c0
Event: 303.632 Thread 0x000001d35e9821d0 Thread exited: 0x000001d35e9821d0
Event: 305.371 Thread 0x000001d35e983c10 Thread exited: 0x000001d35e983c10
Event: 305.385 Thread 0x000001d35e97e6c0 Thread exited: 0x000001d35e97e6c0
Event: 330.646 Thread 0x000001d3666d5d80 Thread exited: 0x000001d3666d5d80
Event: 330.648 Thread 0x000001d3666d84e0 Thread exited: 0x000001d3666d84e0


Dynamic libraries:
0x00007ff7eae70000 - 0x00007ff7eae7e000 	c:\Users\Yassine\.vscode\extensions\redhat.java-1.54.0-win32-x64\jre\21.0.10-win32-x86_64\bin\java.exe
0x00007ff8d1a60000 - 0x00007ff8d1cc7000 	C:\WINDOWS\SYSTEM32\ntdll.dll
0x00007ff8d0780000 - 0x00007ff8d0849000 	C:\WINDOWS\System32\KERNEL32.DLL
0x00007ff8cf160000 - 0x00007ff8cf557000 	C:\WINDOWS\System32\KERNELBASE.dll
0x00007ff8cf690000 - 0x00007ff8cf7db000 	C:\WINDOWS\System32\ucrtbase.dll
0x00007ff888ad0000 - 0x00007ff888ae8000 	c:\Users\Yassine\.vscode\extensions\redhat.java-1.54.0-win32-x64\jre\21.0.10-win32-x86_64\bin\jli.dll
0x00007ff8d1270000 - 0x00007ff8d1436000 	C:\WINDOWS\System32\USER32.dll
0x00007ff8ce5d0000 - 0x00007ff8ce5f7000 	C:\WINDOWS\System32\win32u.dll
0x00007ff8d0890000 - 0x00007ff8d08bb000 	C:\WINDOWS\System32\GDI32.dll
0x00007ff8cf560000 - 0x00007ff8cf68c000 	C:\WINDOWS\System32\gdi32full.dll
0x00007ff8ce490000 - 0x00007ff8ce533000 	C:\WINDOWS\System32\msvcp_win.dll
0x00007ff888400000 - 0x00007ff88841e000 	c:\Users\Yassine\.vscode\extensions\redhat.java-1.54.0-win32-x64\jre\21.0.10-win32-x86_64\bin\VCRUNTIME140.dll
0x00007ff8ac890000 - 0x00007ff8acb22000 	C:\WINDOWS\WinSxS\amd64_microsoft.windows.common-controls_6595b64144ccf1df_6.0.26100.8457_none_3e0b2faee331e92d\COMCTL32.dll
0x00007ff8cf970000 - 0x00007ff8cfa19000 	C:\WINDOWS\System32\msvcrt.dll
0x00007ff8d0850000 - 0x00007ff8d0882000 	C:\WINDOWS\System32\IMM32.DLL
0x00007ff8af450000 - 0x00007ff8af45c000 	c:\Users\Yassine\.vscode\extensions\redhat.java-1.54.0-win32-x64\jre\21.0.10-win32-x86_64\bin\vcruntime140_1.dll
0x00007ff851c80000 - 0x00007ff851d0d000 	c:\Users\Yassine\.vscode\extensions\redhat.java-1.54.0-win32-x64\jre\21.0.10-win32-x86_64\bin\msvcp140.dll
0x00007fffedc90000 - 0x00007fffeea31000 	c:\Users\Yassine\.vscode\extensions\redhat.java-1.54.0-win32-x64\jre\21.0.10-win32-x86_64\bin\server\jvm.dll
0x00007ff8d0650000 - 0x00007ff8d0706000 	C:\WINDOWS\System32\ADVAPI32.dll
0x00007ff8d0dd0000 - 0x00007ff8d0e77000 	C:\WINDOWS\System32\sechost.dll
0x00007ff8d0e80000 - 0x00007ff8d0f98000 	C:\WINDOWS\System32\RPCRT4.dll
0x00007ff8d0c50000 - 0x00007ff8d0cd0000 	C:\WINDOWS\System32\WS2_32.dll
0x00007ff8ce2f0000 - 0x00007ff8ce34e000 	C:\WINDOWS\SYSTEM32\POWRPROF.dll
0x00007ff8c4640000 - 0x00007ff8c4676000 	C:\WINDOWS\SYSTEM32\WINMM.dll
0x00007ff8bf6a0000 - 0x00007ff8bf6ab000 	C:\WINDOWS\SYSTEM32\VERSION.dll
0x00007ff8ce2d0000 - 0x00007ff8ce2e4000 	C:\WINDOWS\SYSTEM32\UMPDC.dll
0x00007ff8cd220000 - 0x00007ff8cd23b000 	C:\WINDOWS\SYSTEM32\kernel.appcore.dll
0x00007ff8ae740000 - 0x00007ff8ae74a000 	c:\Users\Yassine\.vscode\extensions\redhat.java-1.54.0-win32-x64\jre\21.0.10-win32-x86_64\bin\jimage.dll
0x00007ff8cbcd0000 - 0x00007ff8cbf12000 	C:\WINDOWS\SYSTEM32\DBGHELP.DLL
0x00007ff8d08c0000 - 0x00007ff8d0c43000 	C:\WINDOWS\System32\combase.dll
0x00007ff8d0cf0000 - 0x00007ff8d0dc9000 	C:\WINDOWS\System32\OLEAUT32.dll
0x00007ff8aaf70000 - 0x00007ff8aafab000 	C:\WINDOWS\SYSTEM32\dbgcore.DLL
0x00007ff8cf0b0000 - 0x00007ff8cf158000 	C:\WINDOWS\System32\bcryptPrimitives.dll
0x00007ff893a20000 - 0x00007ff893a2f000 	c:\Users\Yassine\.vscode\extensions\redhat.java-1.54.0-win32-x64\jre\21.0.10-win32-x86_64\bin\instrument.dll
0x00007ff881060000 - 0x00007ff881080000 	c:\Users\Yassine\.vscode\extensions\redhat.java-1.54.0-win32-x64\jre\21.0.10-win32-x86_64\bin\java.dll
0x00007ff8cfa20000 - 0x00007ff8d018e000 	C:\WINDOWS\System32\SHELL32.dll
0x00007ff8ce600000 - 0x00007ff8cee6c000 	C:\WINDOWS\System32\windows.storage.dll
0x00007ff8d1920000 - 0x00007ff8d1a16000 	C:\WINDOWS\System32\SHCORE.dll
0x00007ff8d0710000 - 0x00007ff8d0776000 	C:\WINDOWS\System32\shlwapi.dll
0x00007ff8ce3b0000 - 0x00007ff8ce3d9000 	C:\WINDOWS\SYSTEM32\profapi.dll
0x00007ff87b830000 - 0x00007ff87b848000 	c:\Users\Yassine\.vscode\extensions\redhat.java-1.54.0-win32-x64\jre\21.0.10-win32-x86_64\bin\zip.dll
0x00007ff8ad9b0000 - 0x00007ff8ad9c0000 	C:\Users\Yassine\.vscode\extensions\redhat.java-1.54.0-win32-x64\jre\21.0.10-win32-x86_64\bin\net.dll
0x00007ff8bef10000 - 0x00007ff8bf039000 	C:\WINDOWS\SYSTEM32\WINHTTP.dll
0x00007ff8cd790000 - 0x00007ff8cd7fc000 	C:\WINDOWS\system32\mswsock.dll
0x00007ff87b230000 - 0x00007ff87b246000 	C:\Users\Yassine\.vscode\extensions\redhat.java-1.54.0-win32-x64\jre\21.0.10-win32-x86_64\bin\nio.dll
0x00007ff8ab730000 - 0x00007ff8ab740000 	c:\Users\Yassine\.vscode\extensions\redhat.java-1.54.0-win32-x64\jre\21.0.10-win32-x86_64\bin\verify.dll
0x00007ff82abb0000 - 0x00007ff82abf5000 	C:\Users\Yassine\AppData\Roaming\Code\User\globalStorage\redhat.java\1.54.0\config_win\org.eclipse.equinox.launcher\org.eclipse.equinox.launcher.win32.win32.x86_64_1.3.0.v20260203-2149\eclipse_11919.dll
0x00007ff8d1700000 - 0x00007ff8d1897000 	C:\WINDOWS\System32\ole32.dll
0x00007ff8cda70000 - 0x00007ff8cda8b000 	C:\WINDOWS\SYSTEM32\CRYPTSP.dll
0x00007ff8cd160000 - 0x00007ff8cd199000 	C:\WINDOWS\system32\rsaenh.dll
0x00007ff8cd840000 - 0x00007ff8cd873000 	C:\WINDOWS\SYSTEM32\USERENV.dll
0x00007ff8ce380000 - 0x00007ff8ce3aa000 	C:\WINDOWS\SYSTEM32\bcrypt.dll
0x00007ff8cda90000 - 0x00007ff8cda9c000 	C:\WINDOWS\SYSTEM32\CRYPTBASE.dll
0x00007ff8ccc90000 - 0x00007ff8cccc2000 	C:\WINDOWS\SYSTEM32\IPHLPAPI.DLL
0x00007ff8d0640000 - 0x00007ff8d064a000 	C:\WINDOWS\System32\NSI.dll
0x00007ff889be0000 - 0x00007ff889c29000 	C:\Users\Yassine\AppData\Local\Temp\jna-270211928\jna16802964035747687840.dll
0x00007ff8d0ce0000 - 0x00007ff8d0ce8000 	C:\WINDOWS\System32\PSAPI.DLL
0x00007ff8bf6b0000 - 0x00007ff8bf6cd000 	C:\WINDOWS\SYSTEM32\dhcpcsvc6.DLL
0x00007ff8bf040000 - 0x00007ff8bf065000 	C:\WINDOWS\SYSTEM32\dhcpcsvc.DLL
0x00007ff8ac680000 - 0x00007ff8ac68e000 	C:\Users\Yassine\.vscode\extensions\redhat.java-1.54.0-win32-x64\jre\21.0.10-win32-x86_64\bin\sunmscapi.dll
0x00007ff8cef30000 - 0x00007ff8cf0a8000 	C:\WINDOWS\System32\CRYPT32.dll
0x00007ff8cdc90000 - 0x00007ff8cdcc0000 	C:\WINDOWS\SYSTEM32\ncrypt.dll
0x00007ff8cdc40000 - 0x00007ff8cdc7f000 	C:\WINDOWS\SYSTEM32\NTASN1.dll
0x00007ff8ccd70000 - 0x00007ff8ccea2000 	C:\WINDOWS\SYSTEM32\DNSAPI.dll
0x00007ff8bcc40000 - 0x00007ff8bcc4b000 	C:\Windows\System32\rasadhlp.dll
0x00007ff8bf070000 - 0x00007ff8bf0f6000 	C:\WINDOWS\System32\fwpuclnt.dll
0x00007ff8abc30000 - 0x00007ff8abc39000 	C:\Users\Yassine\.vscode\extensions\redhat.java-1.54.0-win32-x64\jre\21.0.10-win32-x86_64\bin\extnet.dll
0x00007ff88a3e0000 - 0x00007ff88a407000 	C:\Users\Yassine\.gradle\native\c067742578af261105cb4f569cf0c3c89f3d7b1fecec35dd04571415982c5e48\windows-amd64\native-platform.dll
0x00007ff893010000 - 0x00007ff89301a000 	C:\Users\Yassine\.vscode\extensions\redhat.java-1.54.0-win32-x64\jre\21.0.10-win32-x86_64\bin\management.dll
0x00007ff892870000 - 0x00007ff89287c000 	C:\Users\Yassine\.vscode\extensions\redhat.java-1.54.0-win32-x64\jre\21.0.10-win32-x86_64\bin\management_ext.dll
0x00007ff878f20000 - 0x00007ff878f28000 	C:\WINDOWS\system32\wshunix.dll

JVMTI agents:
c:\Users\Yassine\.vscode\extensions\redhat.java-1.54.0-win32-x64\lombok\lombok-1.18.39-4050.jar path:c:\Users\Yassine\.vscode\extensions\redhat.java-1.54.0-win32-x64\jre\21.0.10-win32-x86_64\bin\instrument.dll, loaded, initialized, instrumentlib options:none

dbghelp: loaded successfully - version: 4.0.5 - missing functions: none
symbol engine: initialized successfully - sym options: 0x614 - pdb path: .;c:\Users\Yassine\.vscode\extensions\redhat.java-1.54.0-win32-x64\jre\21.0.10-win32-x86_64\bin;C:\WINDOWS\SYSTEM32;C:\WINDOWS\WinSxS\amd64_microsoft.windows.common-controls_6595b64144ccf1df_6.0.26100.8457_none_3e0b2faee331e92d;c:\Users\Yassine\.vscode\extensions\redhat.java-1.54.0-win32-x64\jre\21.0.10-win32-x86_64\bin\server;C:\Users\Yassine\AppData\Roaming\Code\User\globalStorage\redhat.java\1.54.0\config_win\org.eclipse.equinox.launcher\org.eclipse.equinox.launcher.win32.win32.x86_64_1.3.0.v20260203-2149;C:\Users\Yassine\AppData\Local\Temp\jna-270211928;C:\Users\Yassine\.gradle\native\c067742578af261105cb4f569cf0c3c89f3d7b1fecec35dd04571415982c5e48\windows-amd64

VM Arguments:
jvm_args: --add-modules=ALL-SYSTEM --add-opens=java.base/java.util=ALL-UNNAMED --add-opens=java.base/java.lang=ALL-UNNAMED --add-opens=java.base/sun.nio.fs=ALL-UNNAMED -Declipse.application=org.eclipse.jdt.ls.core.id1 -Dosgi.bundles.defaultStartLevel=4 -Declipse.product=org.eclipse.jdt.ls.core.product -Djava.import.generatesMetadataFilesAtProjectRoot=false -DDetectVMInstallationsJob.disabled=true -Dfile.encoding=utf8 -XX:+UseParallelGC -XX:GCTimeRatio=4 -XX:AdaptiveSizePolicyWeight=90 -Dsun.zip.disableMemoryMapping=true -Xmx2G -Xms100m -Xlog:disable -javaagent:c:\Users\Yassine\.vscode\extensions\redhat.java-1.54.0-win32-x64\lombok\lombok-1.18.39-4050.jar -XX:+HeapDumpOnOutOfMemoryError -XX:HeapDumpPath=c:\Users\Yassine\AppData\Roaming\Code\User\workspaceStorage\c024c764d8a7b56cd58d4c499f453b75\redhat.java -Daether.dependencyCollector.impl=bf 
java_command: c:\Users\Yassine\.vscode\extensions\redhat.java-1.54.0-win32-x64\server\plugins\org.eclipse.equinox.launcher_1.7.100.v20251111-0406.jar -configuration c:\Users\Yassine\AppData\Roaming\Code\User\globalStorage\redhat.java\1.54.0\config_win -data c:\Users\Yassine\AppData\Roaming\Code\User\workspaceStorage\c024c764d8a7b56cd58d4c499f453b75\redhat.java\jdt_ws --pipe=\\.\pipe\lsp-b03b944ba39fc0c4eb74f67d8818fca5-sock
java_class_path (initial): c:\Users\Yassine\.vscode\extensions\redhat.java-1.54.0-win32-x64\server\plugins\org.eclipse.equinox.launcher_1.7.100.v20251111-0406.jar
Launcher Type: SUN_STANDARD

[Global flags]
    uintx AdaptiveSizePolicyWeight                 = 90                                        {product} {command line}
     intx CICompilerCount                          = 3                                         {product} {ergonomic}
    uintx GCTimeRatio                              = 4                                         {product} {command line}
     bool HeapDumpOnOutOfMemoryError               = true                                   {manageable} {command line}
    ccstr HeapDumpPath                             = c:\Users\Yassine\AppData\Roaming\Code\User\workspaceStorage\c024c764d8a7b56cd58d4c499f453b75\redhat.java         {manageable} {command line}
   size_t InitialHeapSize                          = 104857600                                 {product} {command line}
   size_t MaxHeapSize                              = 2147483648                                {product} {command line}
   size_t MaxNewSize                               = 715653120                                 {product} {ergonomic}
   size_t MinHeapDeltaBytes                        = 524288                                    {product} {ergonomic}
   size_t MinHeapSize                              = 104857600                                 {product} {command line}
   size_t NewSize                                  = 34603008                                  {product} {ergonomic}
    uintx NonNMethodCodeHeapSize                   = 5832780                                {pd product} {ergonomic}
    uintx NonProfiledCodeHeapSize                  = 122912730                              {pd product} {ergonomic}
   size_t OldSize                                  = 70254592                                  {product} {ergonomic}
    uintx ProfiledCodeHeapSize                     = 122912730                              {pd product} {ergonomic}
    uintx ReservedCodeCacheSize                    = 251658240                              {pd product} {ergonomic}
     bool SegmentedCodeCache                       = true                                      {product} {ergonomic}
   size_t SoftMaxHeapSize                          = 2147483648                             {manageable} {ergonomic}
     bool UseCompressedOops                        = true                           {product lp64_product} {ergonomic}
     bool UseLargePagesIndividualAllocation        = false                                  {pd product} {ergonomic}
     bool UseParallelGC                            = true                                      {product} {command line}

Logging:
Log output configuration:
 #0: stdout all=off uptime,level,tags foldmultilines=false
 #1: stderr all=off uptime,level,tags foldmultilines=false

Release file:
JAVA_VERSION="21.0.10" 
MODULES="java.base java.compiler java.datatransfer java.xml java.prefs java.desktop java.instrument java.logging java.management java.security.sasl java.naming java.rmi java.management.rmi java.net.http java.scripting java.security.jgss java.transaction.xa java.sql java.sql.rowset java.xml.crypto java.se java.smartcardio jdk.accessibility jdk.internal.jvmstat jdk.attach jdk.charsets jdk.internal.opt jdk.zipfs jdk.compiler jdk.crypto.ec jdk.crypto.cryptoki jdk.crypto.mscapi jdk.dynalink jdk.internal.ed jdk.editpad jdk.hotspot.agent jdk.httpserver jdk.internal.le jdk.internal.vm.ci jdk.internal.vm.compiler jdk.internal.vm.compiler.management jdk.jartool jdk.javadoc jdk.jcmd jdk.management jdk.management.agent jdk.jconsole jdk.jdeps jdk.jdwp.agent jdk.jdi jdk.jfr jdk.jshell jdk.jsobject jdk.jstatd jdk.localedata jdk.management.jfr jdk.naming.dns jdk.naming.rmi jdk.net jdk.nio.mapmode jdk.random jdk.sctp jdk.security.auth jdk.security.jgss jdk.unsupported jdk.unsupported.desktop jdk.xml.dom" 

Environment Variables:
JAVA_HOME=C:\Program Files\Java\jdk-25
PATH=C:\Users\Yassine\AppData\Local\Programs\Microsoft VS Code;C:\Program Files\Appache\Maven\apache-maven-3.9.12\bin;C:\app\Yassine\virtual\product\12.2.0\dbhome_1\bin;C:\Program Files\Java\jdk-25\bin;C:\Program Files\Java\jdk-25\lib;C:\Program Files\Common Files\Oracle\Java\javapath;C:\Program Files (x86)\VMware\VMware Workstation\bin\;C:\msys64\mingw64\bin;C:\Program Files (x86)\Common Files\Intel\Shared Libraries\redist\intel64\compiler;C:\WINDOWS\system32;C:\WINDOWS;C:\WINDOWS\System32\Wbem;C:\WINDOWS\System32\WindowsPowerShell\v1.0\;C:\Program Files\dotnet\;C:\WINDOWS\System32\OpenSSH\;C:\Program Files (x86)\dotnet\;C:\ProgramData\chocolatey\bin;C:\Dart\dart-sdk\bin;C:\Flutter\flutter workspace\flutter\bin;C:\Swift\bin;C:\Program Files\MongoDB\Server\8.2\bin;C:\Program Files\Git\cmd;C:\composer;C:\Windows\System32;C:\Program Files (x86)\Microsoft SQL Server\160\Tools\Binn\;C:\Program Files\Microsoft SQL Server\160\Tools\Binn\;C:\Program Files\Microsoft SQL Server\Client SDK\ODBC\170\Tools\Binn\;C:\Program Files\Microsoft SQL Server\160\DTS\Binn\;C:\Program Files\nodejs\;C:\Users\Yassine\AppData\Local\Programs\Python\Python310\;C:\Users\Yassine\AppData\Local\Programs\Python\Python310\Scripts\;C:\Users\Yassine\AppData\Local\Programs\Microsoft VS Code\bin;C:\Program Files\Docker\Docker\resources\bin;C:\Program Files\PostgreSQL\17\bin;C:\WINDOWS\system32;C:\WINDOWS;C:\WINDOWS\System32\Wbem;C:\WINDOWS\System32\WindowsPowerShell\v1.0\;C:\WINDOWS\System32\OpenSSH\;C:\Program Files\Java\jdk-25\bin;C:\Users\Yassine\.local\bin;C:\Program Files\MongoDB\Server\8.2\bin;C:\Program Files (x86)\VMware\VMware Workstation\bin;C:\msys64\mingw64\bin;C:\Program Files (x86)\Common Files\Intel\Shared Libraries\redist\intel64\compiler;C:\Program Files\dotnet\;C:\ProgramData\chocolatey\bin;C:\Dart\dart-sdk\bin;C:\Flutter\flutter workspace\flutter\bin;C:\Swift\bin;C:\Program Files\Git\cmd;C:\composer;C:\Program Files\nodejs\;C:\Users\Yassine\AppData\Local\Programs\Python\Python310\;C:\Users\Yassine\AppData\Local\Programs\Python\Python310\Scripts\;C:\Users\Yassine\AppData\Local\Programs\Python\Python312\;C:\Users\Yassine\AppData\Local\Programs\Python\Python312\Scripts\;C:\Users\Yassine\AppData\Local\Programs\Microsoft VS Code\bin;C:\Users\Yassine\AppData\Local\Microsoft\WindowsApps;C:\xampp\php;C:\Users\Yassine\AppData\Roaming\npm;C:\Users\Yassine\.dotnet\tools;C:\Program Files\PostgreSQL\17\bin;C:\Program Files\7-Zip;C:\xampp\mysql\bin;C:\symfony;C:\Users\Yassine\.dotnet\tools;C:\Program Files\JetBrains\IntelliJ IDEA 2026.1.1\bin
USERNAME=Yassine
OS=Windows_NT
PROCESSOR_IDENTIFIER=Intel64 Family 6 Model 140 Stepping 1, GenuineIntel
TMP=C:\Users\Yassine\AppData\Local\Temp
TEMP=C:\Users\Yassine\AppData\Local\Temp




Periodic native trim disabled

---------------  S Y S T E M  ---------------

OS:
 Windows 11 , 64 bit Build 26100 (10.0.26100.8328)
OS uptime: 0 days 22:22 hours
Hyper-V role detected

CPU: total 4 (initial active 4) (2 cores per cpu, 2 threads per core) family 6 model 140 stepping 1 microcode 0xac, cx8, cmov, fxsr, ht, mmx, 3dnowpref, sse, sse2, sse3, ssse3, sse4.1, sse4.2, popcnt, lzcnt, tsc, tscinvbit, avx, avx2, aes, erms, clmul, bmi1, bmi2, adx, avx512f, avx512dq, avx512cd, avx512bw, avx512vl, sha, fma, vzeroupper, avx512_vpopcntdq, avx512_vpclmulqdq, avx512_vaes, avx512_vnni, clflush, clflushopt, clwb, avx512_vbmi2, avx512_vbmi, hv, rdtscp, rdpid, fsrm, gfni, avx512_bitalg, f16c, cet_ibt, cet_ss, avx512_ifma
Processor Information for the first 4 processors :
  Max Mhz: 2995, Current Mhz: 2995, Mhz Limit: 2995

Memory: 4k page, system-wide physical 20220M (693M free)
TotalPageFile size 30942M (AvailPageFile size 2M)
current process WorkingSet (physical memory assigned to process): 285M, peak: 305M
current process commit charge ("private bytes"): 352M, peak: 375M

vm_info: OpenJDK 64-Bit Server VM (21.0.10+7-LTS) for windows-amd64 JRE (21.0.10+7-LTS), built on 2026-01-20T00:00:00Z by "admin" with MS VC++ 17.12 (VS2022)

END.
