#
# There is insufficient memory for the Java Runtime Environment to continue.
# Native memory allocation (malloc) failed to allocate 1521296 bytes. Error detail: Chunk::new
# Possible reasons:
#   The system is out of physical RAM or swap space
#   This process is running with CompressedOops enabled, and the Java Heap may be blocking the growth of the native heap
# Possible solutions:
#   Reduce memory load on the system
#   Increase physical memory or swap space
#   Check if swap backing store is full
#   Decrease Java heap size (-Xmx/-Xms)
#   Decrease number of Java threads
#   Decrease Java thread stack sizes (-Xss)
#   Set larger code cache with -XX:ReservedCodeCacheSize=
#   JVM is running with Unscaled Compressed Oops mode in which the Java heap is
#     placed in the first 4GB address space. The Java Heap base address is the
#     maximum limit for the native heap growth. Please use -XX:HeapBaseMinAddress
#     to set the Java Heap base and to place the Java Heap above 4GB virtual address.
# This output file may be truncated or incomplete.
#
#  Out of Memory Error (arena.cpp:168), pid=15760, tid=24636
#
# JRE version: OpenJDK Runtime Environment Temurin-21.0.10+7 (21.0.10+7) (build 21.0.10+7-LTS)
# Java VM: OpenJDK 64-Bit Server VM Temurin-21.0.10+7 (21.0.10+7-LTS, mixed mode, sharing, tiered, compressed oops, compressed class ptrs, parallel gc, windows-amd64)
# No core dump will be written. Minidumps are not enabled by default on client versions of Windows
#

---------------  S U M M A R Y ------------

Command Line: --add-modules=ALL-SYSTEM --add-opens=java.base/java.util=ALL-UNNAMED --add-opens=java.base/java.lang=ALL-UNNAMED --add-opens=java.base/sun.nio.fs=ALL-UNNAMED -Declipse.application=org.eclipse.jdt.ls.core.id1 -Dosgi.bundles.defaultStartLevel=4 -Declipse.product=org.eclipse.jdt.ls.core.product -Djava.import.generatesMetadataFilesAtProjectRoot=false -DDetectVMInstallationsJob.disabled=true -Dfile.encoding=utf8 -XX:+UseParallelGC -XX:GCTimeRatio=4 -XX:AdaptiveSizePolicyWeight=90 -Dsun.zip.disableMemoryMapping=true -Xmx2G -Xms100m -Xlog:disable -javaagent:c:\Users\Yassine\.vscode\extensions\redhat.java-1.54.0-win32-x64\lombok\lombok-1.18.39-4050.jar -XX:+HeapDumpOnOutOfMemoryError -XX:HeapDumpPath=c:\Users\Yassine\AppData\Roaming\Code\User\workspaceStorage\46ebe57f\redhat.java -Daether.dependencyCollector.impl=bf c:\Users\Yassine\.vscode\extensions\redhat.java-1.54.0-win32-x64\server\plugins\org.eclipse.equinox.launcher_1.7.100.v20251111-0406.jar -configuration c:\Users\Yassine\AppData\Roaming\Code\User\globalStorage\redhat.java\1.54.0\config_win -data c:\Users\Yassine\AppData\Roaming\Code\User\workspaceStorage\46ebe57f\redhat.java\jdt_ws --pipe=\\.\pipe\lsp-014169f4976a5038cb1fd238e1968573-sock

Host: 11th Gen Intel(R) Core(TM) i3-1115G4 @ 3.00GHz, 4 cores, 19G,  Windows 11 , 64 bit Build 26100 (10.0.26100.8328)
Time: Sat May 16 00:30:26 2026 Morocco Summer Time elapsed time: 56.670596 seconds (0d 0h 0m 56s)

---------------  T H R E A D  ---------------

Current thread (0x000002010958b020):  JavaThread "C2 CompilerThread0" daemon [_thread_in_native, id=24636, stack(0x000000c849f00000,0x000000c84a000000) (1024K)]


Current CompileTask:
C2:56670 4100       4       org.lombokweb.asm.ClassReader::readMethod (1070 bytes)

Stack: [0x000000c849f00000,0x000000c84a000000]
Native frames: (J=compiled Java code, j=interpreted, Vv=VM code, C=native code)
V  [jvm.dll+0x6d7a39]
V  [jvm.dll+0x8b4b26]
V  [jvm.dll+0x8b70de]
V  [jvm.dll+0x8b77c3]
V  [jvm.dll+0x284346]
V  [jvm.dll+0xc66ed]
V  [jvm.dll+0xc6c31]
V  [jvm.dll+0x3bec01]
V  [jvm.dll+0x1e3d62]
V  [jvm.dll+0x24c6b3]
V  [jvm.dll+0x24bb40]
V  [jvm.dll+0x1cb34e]
V  [jvm.dll+0x25b85d]
V  [jvm.dll+0x259dea]
V  [jvm.dll+0x3f857e]
V  [jvm.dll+0x85f59d]
V  [jvm.dll+0x6d626d]
C  [ucrtbase.dll+0x37b0]
C  [KERNEL32.DLL+0x2e957]
C  [ntdll.dll+0x427c]


---------------  P R O C E S S  ---------------

Threads class SMR info:
_java_thread_list=0x0000020166bdf110, length=23, elements={
0x0000020109684ca0, 0x000002010973e590, 0x0000020109572770, 0x000002010957f7e0,
0x000002010957fe70, 0x0000020109580500, 0x0000020109581f40, 0x000002010958b020,
0x0000020109605710, 0x00000201095825d0, 0x0000020109580b90, 0x0000020109582c60,
0x0000020109581220, 0x00000201095818b0, 0x0000020166157af0, 0x00000201661560b0,
0x0000020166155a20, 0x0000020166157460, 0x0000020166158810, 0x0000020166155390,
0x0000020166158180, 0x0000020166158ea0, 0x0000020166159530
}

Java Threads: ( => current thread )
  0x0000020109684ca0 JavaThread "main"                              [_thread_blocked, id=14040, stack(0x000000c849500000,0x000000c849600000) (1024K)]
  0x000002010973e590 JavaThread "Reference Handler"          daemon [_thread_blocked, id=14168, stack(0x000000c849900000,0x000000c849a00000) (1024K)]
  0x0000020109572770 JavaThread "Finalizer"                  daemon [_thread_blocked, id=7092, stack(0x000000c849a00000,0x000000c849b00000) (1024K)]
  0x000002010957f7e0 JavaThread "Signal Dispatcher"          daemon [_thread_blocked, id=28092, stack(0x000000c849b00000,0x000000c849c00000) (1024K)]
  0x000002010957fe70 JavaThread "Attach Listener"            daemon [_thread_blocked, id=28536, stack(0x000000c849c00000,0x000000c849d00000) (1024K)]
  0x0000020109580500 JavaThread "Service Thread"             daemon [_thread_blocked, id=27004, stack(0x000000c849d00000,0x000000c849e00000) (1024K)]
  0x0000020109581f40 JavaThread "Monitor Deflation Thread"   daemon [_thread_blocked, id=15552, stack(0x000000c849e00000,0x000000c849f00000) (1024K)]
=>0x000002010958b020 JavaThread "C2 CompilerThread0"         daemon [_thread_in_native, id=24636, stack(0x000000c849f00000,0x000000c84a000000) (1024K)]
  0x0000020109605710 JavaThread "C1 CompilerThread0"         daemon [_thread_blocked, id=18536, stack(0x000000c84a000000,0x000000c84a100000) (1024K)]
  0x00000201095825d0 JavaThread "Common-Cleaner"             daemon [_thread_blocked, id=24288, stack(0x000000c84a100000,0x000000c84a200000) (1024K)]
  0x0000020109580b90 JavaThread "Notification Thread"        daemon [_thread_blocked, id=19172, stack(0x000000c84a200000,0x000000c84a300000) (1024K)]
  0x0000020109582c60 JavaThread "Active Thread: Equinox Container: b25246e5-9b9b-4653-ad4a-0d7f312b0696"        [_thread_blocked, id=26636, stack(0x000000c84a600000,0x000000c84a700000) (1024K)]
  0x0000020109581220 JavaThread "Refresh Thread: Equinox Container: b25246e5-9b9b-4653-ad4a-0d7f312b0696" daemon [_thread_blocked, id=19200, stack(0x000000c84a700000,0x000000c84a800000) (1024K)]
  0x00000201095818b0 JavaThread "Framework Event Dispatcher: Equinox Container: b25246e5-9b9b-4653-ad4a-0d7f312b0696" daemon [_thread_blocked, id=22092, stack(0x000000c84a800000,0x000000c84a900000) (1024K)]
  0x0000020166157af0 JavaThread "Start Level: Equinox Container: b25246e5-9b9b-4653-ad4a-0d7f312b0696" daemon [_thread_in_vm, id=27196, stack(0x000000c84a900000,0x000000c84aa00000) (1024K)]
  0x00000201661560b0 JavaThread "Bundle File Closer"         daemon [_thread_blocked, id=15128, stack(0x000000c84aa00000,0x000000c84ab00000) (1024K)]
  0x0000020166155a20 JavaThread "SCR Component Actor"        daemon [_thread_blocked, id=3944, stack(0x000000c84ab00000,0x000000c84ac00000) (1024K)]
  0x0000020166157460 JavaThread "Worker-JM"                         [_thread_blocked, id=6276, stack(0x000000c84ac00000,0x000000c84ad00000) (1024K)]
  0x0000020166158810 JavaThread "Worker-0"                          [_thread_blocked, id=11624, stack(0x000000c84ad00000,0x000000c84ae00000) (1024K)]
  0x0000020166155390 JavaThread "Worker-1: Updating Maven Dependencies"        [_thread_in_native, id=26676, stack(0x000000c84ae00000,0x000000c84af00000) (1024K)]
  0x0000020166158180 JavaThread "Worker-2: Repository registry initialization"        [_thread_blocked, id=3832, stack(0x000000c84af00000,0x000000c84b000000) (1024K)]
  0x0000020166158ea0 JavaThread "Worker-3"                          [_thread_blocked, id=21992, stack(0x000000c84b000000,0x000000c84b100000) (1024K)]
  0x0000020166159530 JavaThread "Worker-4"                          [_thread_blocked, id=15356, stack(0x000000c84b100000,0x000000c84b200000) (1024K)]
Total: 23

Other Threads:
  0x0000020109721890 VMThread "VM Thread"                           [id=10656, stack(0x000000c849800000,0x000000c849900000) (1024K)]
  0x000002010950c950 WatcherThread "VM Periodic Task Thread"        [id=10904, stack(0x000000c849700000,0x000000c849800000) (1024K)]
  0x00000201096a2480 WorkerThread "GC Thread#0"                     [id=2396, stack(0x000000c849600000,0x000000c849700000) (1024K)]
  0x0000020166a93240 WorkerThread "GC Thread#1"                     [id=24836, stack(0x000000c84a300000,0x000000c84a400000) (1024K)]
  0x0000020166a939f0 WorkerThread "GC Thread#2"                     [id=28400, stack(0x000000c84a400000,0x000000c84a500000) (1024K)]
  0x0000020166a93da0 WorkerThread "GC Thread#3"                     [id=20412, stack(0x000000c84a500000,0x000000c84a600000) (1024K)]
Total: 6

Threads with active compile tasks:
C2 CompilerThread0  56710 4100       4       org.lombokweb.asm.ClassReader::readMethod (1070 bytes)
Total: 1

VM state: not at safepoint (normal execution)

VM Mutex/Monitor currently owned by a thread: None

Heap address: 0x0000000080000000, size: 2048 MB, Compressed Oops mode: 32-bit

CDS archive(s) mapped at: [0x0000020120000000-0x0000020120ba0000-0x0000020120ba0000), size 12189696, SharedBaseAddress: 0x0000020120000000, ArchiveRelocationMode: 1.
Compressed class space mapped at: 0x0000020121000000-0x0000020161000000, reserved size: 1073741824
Narrow klass base: 0x0000020120000000, Narrow klass shift: 0, Narrow klass range: 0x100000000

GC Precious Log:
 CardTable entry size: 512
 CPUs: 4 total, 4 available
 Memory: 20220M
 Large Page Support: Disabled
 NUMA Support: Disabled
 Compressed Oops: Enabled (32-bit)
 Alignments: Space 512K, Generation 512K, Heap 2M
 Heap Min Capacity: 100M
 Heap Initial Capacity: 100M
 Heap Max Capacity: 2G
 Pre-touch: Disabled
 Parallel Workers: 4

Heap:
 PSYoungGen      total 24576K, used 15001K [0x00000000d5580000, 0x00000000d7480000, 0x0000000100000000)
  eden space 24064K, 60% used [0x00000000d5580000,0x00000000d63ce6a8,0x00000000d6d00000)
  from space 512K, 68% used [0x00000000d7400000,0x00000000d7458000,0x00000000d7480000)
  to   space 2048K, 0% used [0x00000000d7080000,0x00000000d7080000,0x00000000d7280000)
 ParOldGen       total 68608K, used 13933K [0x0000000080000000, 0x0000000084300000, 0x00000000d5580000)
  object space 68608K, 20% used [0x0000000080000000,0x0000000080d9b490,0x0000000084300000)
 Metaspace       used 25338K, committed 26176K, reserved 1114112K
  class space    used 2541K, committed 2944K, reserved 1048576K

Card table byte_map: [0x0000020109020000,0x0000020109430000] _byte_map_base: 0x0000020108c20000

Marking Bits: (ParMarkBitMap*) 0x00007fffee953450
 Begin Bits: [0x000002011bb30000, 0x000002011db30000)
 End Bits:   [0x000002011db30000, 0x000002011fb30000)

Polling page: 0x00000201072a0000

Metaspace:

Usage:
  Non-class:     22.26 MB used.
      Class:      2.48 MB used.
       Both:     24.74 MB used.

Virtual space:
  Non-class space:       64.00 MB reserved,      22.69 MB ( 35%) committed,  1 nodes.
      Class space:        1.00 GB reserved,       2.88 MB ( <1%) committed,  1 nodes.
             Both:        1.06 GB reserved,      25.56 MB (  2%) committed. 

Chunk freelists:
   Non-Class:  8.56 MB
       Class:  13.02 MB
        Both:  21.58 MB

MaxMetaspaceSize: unlimited
CompressedClassSpaceSize: 1.00 GB
Initial GC threshold: 21.00 MB
Current GC threshold: 35.00 MB
CDS: on
 - commit_granule_bytes: 65536.
 - commit_granule_words: 8192.
 - virtual_space_node_default_size: 8388608.
 - enlarge_chunks_in_place: 1.
 - use_allocation_guard: 0.


Internal statistics:

num_allocs_failed_limit: 3.
num_arena_births: 650.
num_arena_deaths: 14.
num_vsnodes_births: 2.
num_vsnodes_deaths: 0.
num_space_committed: 409.
num_space_uncommitted: 0.
num_chunks_returned_to_freelist: 17.
num_chunks_taken_from_freelist: 1692.
num_chunk_merges: 8.
num_chunk_splits: 1063.
num_chunks_enlarged: 645.
num_inconsistent_stats: 0.

CodeHeap 'non-profiled nmethods': size=120000Kb used=1935Kb max_used=1935Kb free=118064Kb
 bounds [0x0000020114350000, 0x00000201145c0000, 0x000002011b880000]
CodeHeap 'profiled nmethods': size=120000Kb used=8825Kb max_used=8825Kb free=111174Kb
 bounds [0x000002010c880000, 0x000002010d120000, 0x0000020113db0000]
CodeHeap 'non-nmethods': size=5760Kb used=1316Kb max_used=1330Kb free=4443Kb
 bounds [0x0000020113db0000, 0x0000020114020000, 0x0000020114350000]
CodeCache: size=245760Kb, used=12076Kb, max_used=12090Kb, free=233681Kb
 total_blobs=4688, nmethods=4098, adapters=496, full_count=0
Compilation: enabled, stopped_count=0, restarted_count=0

Compilation events (20 events):
Event: 55.689 Thread 0x0000020109605710 nmethod 4090 0x000002010d115310 code [0x000002010d1154e0, 0x000002010d1158e0]
Event: 56.020 Thread 0x0000020109605710 4091       3       org.eclipse.osgi.internal.loader.sources.PackageSource::<init> (13 bytes)
Event: 56.020 Thread 0x0000020109605710 nmethod 4091 0x000002010d115a90 code [0x000002010d115c40, 0x000002010d115e08]
Event: 56.093 Thread 0x000002010958b020 4092       4       java.util.ArrayList::fastRemove (44 bytes)
Event: 56.095 Thread 0x000002010958b020 nmethod 4092 0x0000020114532890 code [0x0000020114532a20, 0x0000020114532bb8]
Event: 56.103 Thread 0x0000020109605710 4093       3       lombok.patcher.scripts.AddFieldScript$1::visitField (35 bytes)
Event: 56.103 Thread 0x0000020109605710 nmethod 4093 0x000002010d115f10 code [0x000002010d1160e0, 0x000002010d116350]
Event: 56.112 Thread 0x0000020109605710 4094 %     3       org.lombokweb.asm.ClassReader::<init> @ 95 (359 bytes)
Event: 56.113 Thread 0x0000020109605710 nmethod 4094% 0x000002010d116490 code [0x000002010d1167a0, 0x000002010d117b68]
Event: 56.118 Thread 0x000002010958b020 4095       4       java.lang.Long::getChars (195 bytes)
Event: 56.119 Thread 0x0000020109605710 4097       3       org.lombokweb.asm.ClassReader::<init> (359 bytes)
Event: 56.125 Thread 0x0000020109605710 nmethod 4097 0x000002010d118190 code [0x000002010d118480, 0x000002010d119640]
Event: 56.125 Thread 0x0000020109605710 4098       3       java.util.regex.Pattern$BranchConn::match (11 bytes)
Event: 56.125 Thread 0x0000020109605710 nmethod 4098 0x000002010d119c10 code [0x000002010d119dc0, 0x000002010d119f98]
Event: 56.131 Thread 0x000002010958b020 nmethod 4095 0x0000020114532d10 code [0x0000020114532ee0, 0x0000020114533488]
Event: 56.131 Thread 0x000002010958b020 4096       4       java.util.AbstractList$Itr::hasNext (20 bytes)
Event: 56.133 Thread 0x000002010958b020 nmethod 4096 0x0000020114533810 code [0x00000201145339c0, 0x0000020114533b90]
Event: 56.137 Thread 0x0000020109605710 4099 %     3       org.lombokweb.asm.SymbolTable::<init> @ 98 (554 bytes)
Event: 56.141 Thread 0x0000020109605710 nmethod 4099% 0x000002010d11a090 code [0x000002010d11a6a0, 0x000002010d11d330]
Event: 56.162 Thread 0x000002010958b020 4100       4       org.lombokweb.asm.ClassReader::readMethod (1070 bytes)

GC Heap History (18 events):
Event: 3.315 GC heap before
{Heap before GC invocations=1 (full 0):
 PSYoungGen      total 29696K, used 25600K [0x00000000d5580000, 0x00000000d7680000, 0x0000000100000000)
  eden space 25600K, 100% used [0x00000000d5580000,0x00000000d6e80000,0x00000000d6e80000)
  from space 4096K, 0% used [0x00000000d7280000,0x00000000d7280000,0x00000000d7680000)
  to   space 4096K, 0% used [0x00000000d6e80000,0x00000000d6e80000,0x00000000d7280000)
 ParOldGen       total 68608K, used 0K [0x0000000080000000, 0x0000000084300000, 0x00000000d5580000)
  object space 68608K, 0% used [0x0000000080000000,0x0000000080000000,0x0000000084300000)
 Metaspace       used 4376K, committed 4608K, reserved 1114112K
  class space    used 475K, committed 576K, reserved 1048576K
}
Event: 3.344 GC heap after
{Heap after GC invocations=1 (full 0):
 PSYoungGen      total 29696K, used 3271K [0x00000000d5580000, 0x00000000d7680000, 0x0000000100000000)
  eden space 25600K, 0% used [0x00000000d5580000,0x00000000d5580000,0x00000000d6e80000)
  from space 4096K, 79% used [0x00000000d6e80000,0x00000000d71b1e98,0x00000000d7280000)
  to   space 4096K, 0% used [0x00000000d7280000,0x00000000d7280000,0x00000000d7680000)
 ParOldGen       total 68608K, used 0K [0x0000000080000000, 0x0000000084300000, 0x00000000d5580000)
  object space 68608K, 0% used [0x0000000080000000,0x0000000080000000,0x0000000084300000)
 Metaspace       used 4376K, committed 4608K, reserved 1114112K
  class space    used 475K, committed 576K, reserved 1048576K
}
Event: 12.328 GC heap before
{Heap before GC invocations=2 (full 0):
 PSYoungGen      total 29696K, used 28871K [0x00000000d5580000, 0x00000000d7680000, 0x0000000100000000)
  eden space 25600K, 100% used [0x00000000d5580000,0x00000000d6e80000,0x00000000d6e80000)
  from space 4096K, 79% used [0x00000000d6e80000,0x00000000d71b1e98,0x00000000d7280000)
  to   space 4096K, 0% used [0x00000000d7280000,0x00000000d7280000,0x00000000d7680000)
 ParOldGen       total 68608K, used 0K [0x0000000080000000, 0x0000000084300000, 0x00000000d5580000)
  object space 68608K, 0% used [0x0000000080000000,0x0000000080000000,0x0000000084300000)
 Metaspace       used 8021K, committed 8320K, reserved 1114112K
  class space    used 830K, committed 960K, reserved 1048576K
}
Event: 12.342 GC heap after
{Heap after GC invocations=2 (full 0):
 PSYoungGen      total 29696K, used 4070K [0x00000000d5580000, 0x00000000d7680000, 0x0000000100000000)
  eden space 25600K, 0% used [0x00000000d5580000,0x00000000d5580000,0x00000000d6e80000)
  from space 4096K, 99% used [0x00000000d7280000,0x00000000d7679820,0x00000000d7680000)
  to   space 4096K, 0% used [0x00000000d6e80000,0x00000000d6e80000,0x00000000d7280000)
 ParOldGen       total 68608K, used 2125K [0x0000000080000000, 0x0000000084300000, 0x00000000d5580000)
  object space 68608K, 3% used [0x0000000080000000,0x0000000080213658,0x0000000084300000)
 Metaspace       used 8021K, committed 8320K, reserved 1114112K
  class space    used 830K, committed 960K, reserved 1048576K
}
Event: 18.311 GC heap before
{Heap before GC invocations=3 (full 0):
 PSYoungGen      total 29696K, used 29624K [0x00000000d5580000, 0x00000000d7680000, 0x0000000100000000)
  eden space 25600K, 99% used [0x00000000d5580000,0x00000000d6e74a70,0x00000000d6e80000)
  from space 4096K, 99% used [0x00000000d7280000,0x00000000d7679820,0x00000000d7680000)
  to   space 4096K, 0% used [0x00000000d6e80000,0x00000000d6e80000,0x00000000d7280000)
 ParOldGen       total 68608K, used 2125K [0x0000000080000000, 0x0000000084300000, 0x00000000d5580000)
  object space 68608K, 3% used [0x0000000080000000,0x0000000080213658,0x0000000084300000)
 Metaspace       used 9489K, committed 9856K, reserved 1114112K
  class space    used 1009K, committed 1152K, reserved 1048576K
}
Event: 18.322 GC heap after
{Heap after GC invocations=3 (full 0):
 PSYoungGen      total 29696K, used 4064K [0x00000000d5580000, 0x00000000d7680000, 0x0000000100000000)
  eden space 25600K, 0% used [0x00000000d5580000,0x00000000d5580000,0x00000000d6e80000)
  from space 4096K, 99% used [0x00000000d6e80000,0x00000000d7278170,0x00000000d7280000)
  to   space 4096K, 0% used [0x00000000d7280000,0x00000000d7280000,0x00000000d7680000)
 ParOldGen       total 68608K, used 4888K [0x0000000080000000, 0x0000000084300000, 0x00000000d5580000)
  object space 68608K, 7% used [0x0000000080000000,0x00000000804c63d0,0x0000000084300000)
 Metaspace       used 9489K, committed 9856K, reserved 1114112K
  class space    used 1009K, committed 1152K, reserved 1048576K
}
Event: 26.933 GC heap before
{Heap before GC invocations=4 (full 0):
 PSYoungGen      total 29696K, used 29664K [0x00000000d5580000, 0x00000000d7680000, 0x0000000100000000)
  eden space 25600K, 100% used [0x00000000d5580000,0x00000000d6e80000,0x00000000d6e80000)
  from space 4096K, 99% used [0x00000000d6e80000,0x00000000d7278170,0x00000000d7280000)
  to   space 4096K, 0% used [0x00000000d7280000,0x00000000d7280000,0x00000000d7680000)
 ParOldGen       total 68608K, used 4888K [0x0000000080000000, 0x0000000084300000, 0x00000000d5580000)
  object space 68608K, 7% used [0x0000000080000000,0x00000000804c63d0,0x0000000084300000)
 Metaspace       used 11608K, committed 12032K, reserved 1114112K
  class space    used 1218K, committed 1408K, reserved 1048576K
}
Event: 26.940 GC heap after
{Heap after GC invocations=4 (full 0):
 PSYoungGen      total 29696K, used 4067K [0x00000000d5580000, 0x00000000d7680000, 0x0000000100000000)
  eden space 25600K, 0% used [0x00000000d5580000,0x00000000d5580000,0x00000000d6e80000)
  from space 4096K, 99% used [0x00000000d7280000,0x00000000d7678e88,0x00000000d7680000)
  to   space 4096K, 0% used [0x00000000d6e80000,0x00000000d6e80000,0x00000000d7280000)
 ParOldGen       total 68608K, used 6645K [0x0000000080000000, 0x0000000084300000, 0x00000000d5580000)
  object space 68608K, 9% used [0x0000000080000000,0x000000008067d530,0x0000000084300000)
 Metaspace       used 11608K, committed 12032K, reserved 1114112K
  class space    used 1218K, committed 1408K, reserved 1048576K
}
Event: 33.966 GC heap before
{Heap before GC invocations=5 (full 0):
 PSYoungGen      total 29696K, used 29667K [0x00000000d5580000, 0x00000000d7680000, 0x0000000100000000)
  eden space 25600K, 100% used [0x00000000d5580000,0x00000000d6e80000,0x00000000d6e80000)
  from space 4096K, 99% used [0x00000000d7280000,0x00000000d7678e88,0x00000000d7680000)
  to   space 4096K, 0% used [0x00000000d6e80000,0x00000000d6e80000,0x00000000d7280000)
 ParOldGen       total 68608K, used 6645K [0x0000000080000000, 0x0000000084300000, 0x00000000d5580000)
  object space 68608K, 9% used [0x0000000080000000,0x000000008067d530,0x0000000084300000)
 Metaspace       used 15610K, committed 16192K, reserved 1114112K
  class space    used 1616K, committed 1856K, reserved 1048576K
}
Event: 33.976 GC heap after
{Heap after GC invocations=5 (full 0):
 PSYoungGen      total 29184K, used 4077K [0x00000000d5580000, 0x00000000d7a00000, 0x0000000100000000)
  eden space 25088K, 0% used [0x00000000d5580000,0x00000000d5580000,0x00000000d6e00000)
  from space 4096K, 99% used [0x00000000d6e80000,0x00000000d727b4b0,0x00000000d7280000)
  to   space 6144K, 0% used [0x00000000d7400000,0x00000000d7400000,0x00000000d7a00000)
 ParOldGen       total 68608K, used 8136K [0x0000000080000000, 0x0000000084300000, 0x00000000d5580000)
  object space 68608K, 11% used [0x0000000080000000,0x00000000807f2338,0x0000000084300000)
 Metaspace       used 15610K, committed 16192K, reserved 1114112K
  class space    used 1616K, committed 1856K, reserved 1048576K
}
Event: 45.429 GC heap before
{Heap before GC invocations=6 (full 0):
 PSYoungGen      total 29184K, used 29165K [0x00000000d5580000, 0x00000000d7a00000, 0x0000000100000000)
  eden space 25088K, 100% used [0x00000000d5580000,0x00000000d6e00000,0x00000000d6e00000)
  from space 4096K, 99% used [0x00000000d6e80000,0x00000000d727b4b0,0x00000000d7280000)
  to   space 6144K, 0% used [0x00000000d7400000,0x00000000d7400000,0x00000000d7a00000)
 ParOldGen       total 68608K, used 8136K [0x0000000080000000, 0x0000000084300000, 0x00000000d5580000)
  object space 68608K, 11% used [0x0000000080000000,0x00000000807f2338,0x0000000084300000)
 Metaspace       used 18215K, committed 19072K, reserved 1114112K
  class space    used 1887K, committed 2240K, reserved 1048576K
}
Event: 45.444 GC heap after
{Heap after GC invocations=6 (full 0):
 PSYoungGen      total 29696K, used 4738K [0x00000000d5580000, 0x00000000d7900000, 0x0000000100000000)
  eden space 24576K, 0% used [0x00000000d5580000,0x00000000d5580000,0x00000000d6d80000)
  from space 5120K, 92% used [0x00000000d7400000,0x00000000d78a0a48,0x00000000d7900000)
  to   space 5120K, 0% used [0x00000000d6f00000,0x00000000d6f00000,0x00000000d7400000)
 ParOldGen       total 68608K, used 8136K [0x0000000080000000, 0x0000000084300000, 0x00000000d5580000)
  object space 68608K, 11% used [0x0000000080000000,0x00000000807f2338,0x0000000084300000)
 Metaspace       used 18215K, committed 19072K, reserved 1114112K
  class space    used 1887K, committed 2240K, reserved 1048576K
}
Event: 52.472 GC heap before
{Heap before GC invocations=7 (full 0):
 PSYoungGen      total 29696K, used 27571K [0x00000000d5580000, 0x00000000d7900000, 0x0000000100000000)
  eden space 24576K, 92% used [0x00000000d5580000,0x00000000d6bcc3f8,0x00000000d6d80000)
  from space 5120K, 92% used [0x00000000d7400000,0x00000000d78a0a48,0x00000000d7900000)
  to   space 5120K, 0% used [0x00000000d6f00000,0x00000000d6f00000,0x00000000d7400000)
 ParOldGen       total 68608K, used 8136K [0x0000000080000000, 0x0000000084300000, 0x00000000d5580000)
  object space 68608K, 11% used [0x0000000080000000,0x00000000807f2338,0x0000000084300000)
 Metaspace       used 20669K, committed 21504K, reserved 1114112K
  class space    used 2137K, committed 2560K, reserved 1048576K
}
Event: 52.484 GC heap after
{Heap after GC invocations=7 (full 0):
 PSYoungGen      total 29696K, used 4927K [0x00000000d5580000, 0x00000000d7780000, 0x0000000100000000)
  eden space 24576K, 0% used [0x00000000d5580000,0x00000000d5580000,0x00000000d6d80000)
  from space 5120K, 96% used [0x00000000d6f00000,0x00000000d73cfea0,0x00000000d7400000)
  to   space 3584K, 0% used [0x00000000d7400000,0x00000000d7400000,0x00000000d7780000)
 ParOldGen       total 68608K, used 9532K [0x0000000080000000, 0x0000000084300000, 0x00000000d5580000)
  object space 68608K, 13% used [0x0000000080000000,0x000000008094f320,0x0000000084300000)
 Metaspace       used 20669K, committed 21504K, reserved 1114112K
  class space    used 2137K, committed 2560K, reserved 1048576K
}
Event: 52.484 GC heap before
{Heap before GC invocations=8 (full 1):
 PSYoungGen      total 29696K, used 4927K [0x00000000d5580000, 0x00000000d7780000, 0x0000000100000000)
  eden space 24576K, 0% used [0x00000000d5580000,0x00000000d5580000,0x00000000d6d80000)
  from space 5120K, 96% used [0x00000000d6f00000,0x00000000d73cfea0,0x00000000d7400000)
  to   space 3584K, 0% used [0x00000000d7400000,0x00000000d7400000,0x00000000d7780000)
 ParOldGen       total 68608K, used 9532K [0x0000000080000000, 0x0000000084300000, 0x00000000d5580000)
  object space 68608K, 13% used [0x0000000080000000,0x000000008094f320,0x0000000084300000)
 Metaspace       used 20669K, committed 21504K, reserved 1114112K
  class space    used 2137K, committed 2560K, reserved 1048576K
}
Event: 52.567 GC heap after
{Heap after GC invocations=8 (full 1):
 PSYoungGen      total 29696K, used 0K [0x00000000d5580000, 0x00000000d7780000, 0x0000000100000000)
  eden space 24576K, 0% used [0x00000000d5580000,0x00000000d5580000,0x00000000d6d80000)
  from space 5120K, 0% used [0x00000000d6f00000,0x00000000d6f00000,0x00000000d7400000)
  to   space 3584K, 0% used [0x00000000d7400000,0x00000000d7400000,0x00000000d7780000)
 ParOldGen       total 68608K, used 13925K [0x0000000080000000, 0x0000000084300000, 0x00000000d5580000)
  object space 68608K, 20% used [0x0000000080000000,0x0000000080d99490,0x0000000084300000)
 Metaspace       used 20656K, committed 21504K, reserved 1114112K
  class space    used 2133K, committed 2560K, reserved 1048576K
}
Event: 54.765 GC heap before
{Heap before GC invocations=9 (full 1):
 PSYoungGen      total 29696K, used 24576K [0x00000000d5580000, 0x00000000d7780000, 0x0000000100000000)
  eden space 24576K, 100% used [0x00000000d5580000,0x00000000d6d80000,0x00000000d6d80000)
  from space 5120K, 0% used [0x00000000d6f00000,0x00000000d6f00000,0x00000000d7400000)
  to   space 3584K, 0% used [0x00000000d7400000,0x00000000d7400000,0x00000000d7780000)
 ParOldGen       total 68608K, used 13925K [0x0000000080000000, 0x0000000084300000, 0x00000000d5580000)
  object space 68608K, 20% used [0x0000000080000000,0x0000000080d99490,0x0000000084300000)
 Metaspace       used 22954K, committed 23808K, reserved 1114112K
  class space    used 2346K, committed 2752K, reserved 1048576K
}
Event: 54.768 GC heap after
{Heap after GC invocations=9 (full 1):
 PSYoungGen      total 24576K, used 352K [0x00000000d5580000, 0x00000000d7480000, 0x0000000100000000)
  eden space 24064K, 0% used [0x00000000d5580000,0x00000000d5580000,0x00000000d6d00000)
  from space 512K, 68% used [0x00000000d7400000,0x00000000d7458000,0x00000000d7480000)
  to   space 2048K, 0% used [0x00000000d7080000,0x00000000d7080000,0x00000000d7280000)
 ParOldGen       total 68608K, used 13933K [0x0000000080000000, 0x0000000084300000, 0x00000000d5580000)
  object space 68608K, 20% used [0x0000000080000000,0x0000000080d9b490,0x0000000084300000)
 Metaspace       used 22954K, committed 23808K, reserved 1114112K
  class space    used 2346K, committed 2752K, reserved 1048576K
}

Dll operation events (11 events):
Event: 0.034 Loaded shared library c:\Users\Yassine\.vscode\extensions\redhat.java-1.54.0-win32-x64\jre\21.0.10-win32-x86_64\bin\java.dll
Event: 0.251 Loaded shared library c:\Users\Yassine\.vscode\extensions\redhat.java-1.54.0-win32-x64\jre\21.0.10-win32-x86_64\bin\zip.dll
Event: 0.296 Loaded shared library C:\Users\Yassine\.vscode\extensions\redhat.java-1.54.0-win32-x64\jre\21.0.10-win32-x86_64\bin\instrument.dll
Event: 0.305 Loaded shared library C:\Users\Yassine\.vscode\extensions\redhat.java-1.54.0-win32-x64\jre\21.0.10-win32-x86_64\bin\net.dll
Event: 0.308 Loaded shared library C:\Users\Yassine\.vscode\extensions\redhat.java-1.54.0-win32-x64\jre\21.0.10-win32-x86_64\bin\nio.dll
Event: 0.312 Loaded shared library C:\Users\Yassine\.vscode\extensions\redhat.java-1.54.0-win32-x64\jre\21.0.10-win32-x86_64\bin\zip.dll
Event: 0.406 Loaded shared library C:\Users\Yassine\.vscode\extensions\redhat.java-1.54.0-win32-x64\jre\21.0.10-win32-x86_64\bin\jimage.dll
Event: 0.560 Loaded shared library c:\Users\Yassine\.vscode\extensions\redhat.java-1.54.0-win32-x64\jre\21.0.10-win32-x86_64\bin\verify.dll
Event: 13.081 Loaded shared library C:\Users\Yassine\AppData\Roaming\Code\User\globalStorage\redhat.java\1.54.0\config_win\org.eclipse.equinox.launcher\org.eclipse.equinox.launcher.win32.win32.x86_64_1.3.0.v20260203-2149\eclipse_11919.dll
Event: 32.665 Loaded shared library C:\Users\Yassine\.vscode\extensions\redhat.java-1.54.0-win32-x64\jre\21.0.10-win32-x86_64\bin\management.dll
Event: 32.833 Loaded shared library C:\Users\Yassine\.vscode\extensions\redhat.java-1.54.0-win32-x64\jre\21.0.10-win32-x86_64\bin\management_ext.dll

Deoptimization events (20 events):
Event: 52.687 Thread 0x0000020166155390 DEOPT PACKING pc=0x00000201144f1180 sp=0x000000c84aefe710
Event: 52.687 Thread 0x0000020166155390 DEOPT UNPACKING pc=0x0000020113e06da2 sp=0x000000c84aefe6b8 mode 2
Event: 52.775 Thread 0x0000020166158180 Uncommon trap: trap_request=0xffffff45 fr.pc=0x00000201143bafa8 relative=0x0000000000000108
Event: 52.775 Thread 0x0000020166158180 Uncommon trap: reason=unstable_if action=reinterpret pc=0x00000201143bafa8 method=jdk.internal.org.objectweb.asm.ByteVector.putShort(I)Ljdk/internal/org/objectweb/asm/ByteVector; @ 13 c2
Event: 52.775 Thread 0x0000020166158180 DEOPT PACKING pc=0x00000201143bafa8 sp=0x000000c84affd280
Event: 52.775 Thread 0x0000020166158180 DEOPT UNPACKING pc=0x0000020113e06da2 sp=0x000000c84affd218 mode 2
Event: 52.807 Thread 0x0000020166155390 Uncommon trap: trap_request=0xffffffde fr.pc=0x00000201143d57a4 relative=0x0000000000000664
Event: 52.807 Thread 0x0000020166155390 Uncommon trap: reason=class_check action=maybe_recompile pc=0x00000201143d57a4 method=java.io.BufferedInputStream.implRead([BII)I @ 100 c2
Event: 52.807 Thread 0x0000020166155390 DEOPT PACKING pc=0x00000201143d57a4 sp=0x000000c84aefe460
Event: 52.807 Thread 0x0000020166155390 DEOPT UNPACKING pc=0x0000020113e06da2 sp=0x000000c84aefe438 mode 2
Event: 52.976 Thread 0x0000020166155390 Uncommon trap: trap_request=0xffffff45 fr.pc=0x0000020114520c60 relative=0x00000000000000c0
Event: 52.976 Thread 0x0000020166155390 Uncommon trap: reason=unstable_if action=reinterpret pc=0x0000020114520c60 method=org.codehaus.plexus.util.xml.pull.MXParser.more()C @ 8 c2
Event: 52.976 Thread 0x0000020166155390 DEOPT PACKING pc=0x0000020114520c60 sp=0x000000c84aefe9b0
Event: 52.976 Thread 0x0000020166155390 DEOPT UNPACKING pc=0x0000020113e06da2 sp=0x000000c84aefe938 mode 2
Event: 52.977 Thread 0x0000020166155390 Uncommon trap: trap_request=0xffffffde fr.pc=0x00000201143d57a4 relative=0x0000000000000664
Event: 52.977 Thread 0x0000020166155390 Uncommon trap: reason=class_check action=maybe_recompile pc=0x00000201143d57a4 method=java.io.BufferedInputStream.implRead([BII)I @ 100 c2
Event: 52.977 Thread 0x0000020166155390 DEOPT PACKING pc=0x00000201143d57a4 sp=0x000000c84aefe470
Event: 52.977 Thread 0x0000020166155390 DEOPT UNPACKING pc=0x0000020113e06da2 sp=0x000000c84aefe448 mode 2
Event: 55.254 Thread 0x0000020166157af0 DEOPT PACKING pc=0x000002010cbc9bc6 sp=0x000000c84a9eff10
Event: 55.254 Thread 0x0000020166157af0 DEOPT UNPACKING pc=0x0000020113e078e2 sp=0x000000c84a9ef490 mode 0

Classes loaded (20 events):
Event: 52.698 Loading class java/net/ProtocolException
Event: 52.720 Loading class java/net/ProtocolException done
Event: 52.773 Loading class java/lang/invoke/MethodHandleImpl$CountingWrapper
Event: 52.773 Loading class java/lang/invoke/MethodHandleImpl$CountingWrapper done
Event: 52.951 Loading class java/lang/ThreadLocal$SuppliedThreadLocal
Event: 52.951 Loading class java/lang/ThreadLocal$SuppliedThreadLocal done
Event: 52.990 Loading class java/io/FileWriter
Event: 52.990 Loading class java/io/FileWriter done
Event: 53.039 Loading class java/lang/NegativeArraySizeException
Event: 53.048 Loading class java/lang/NegativeArraySizeException done
Event: 53.347 Loading class java/util/concurrent/atomic/AtomicReferenceFieldUpdater
Event: 53.347 Loading class java/util/concurrent/atomic/AtomicReferenceFieldUpdater done
Event: 53.347 Loading class java/util/concurrent/atomic/AtomicReferenceFieldUpdater$AtomicReferenceFieldUpdaterImpl
Event: 53.347 Loading class java/util/concurrent/atomic/AtomicReferenceFieldUpdater$AtomicReferenceFieldUpdaterImpl done
Event: 53.347 Loading class java/util/concurrent/atomic/AtomicReferenceFieldUpdater$AtomicReferenceFieldUpdaterImpl$1
Event: 53.347 Loading class java/util/concurrent/atomic/AtomicReferenceFieldUpdater$AtomicReferenceFieldUpdaterImpl$1 done
Event: 53.348 Loading class sun/reflect/misc/ReflectUtil
Event: 53.348 Loading class sun/reflect/misc/ReflectUtil done
Event: 54.134 Loading class java/io/FilterReader
Event: 54.134 Loading class java/io/FilterReader done

Classes unloaded (7 events):
Event: 52.501 Thread 0x0000020109721890 Unloading class 0x00000201211a5000 'java/lang/invoke/LambdaForm$MH+0x00000201211a5000'
Event: 52.501 Thread 0x0000020109721890 Unloading class 0x00000201211a4c00 'java/lang/invoke/LambdaForm$MH+0x00000201211a4c00'
Event: 52.501 Thread 0x0000020109721890 Unloading class 0x00000201211a4800 'java/lang/invoke/LambdaForm$MH+0x00000201211a4800'
Event: 52.501 Thread 0x0000020109721890 Unloading class 0x00000201211a4400 'java/lang/invoke/LambdaForm$MH+0x00000201211a4400'
Event: 52.501 Thread 0x0000020109721890 Unloading class 0x00000201211a4000 'java/lang/invoke/LambdaForm$BMH+0x00000201211a4000'
Event: 52.501 Thread 0x0000020109721890 Unloading class 0x00000201211a3c00 'java/lang/invoke/LambdaForm$DMH+0x00000201211a3c00'
Event: 52.501 Thread 0x0000020109721890 Unloading class 0x00000201211a2800 'java/lang/invoke/LambdaForm$DMH+0x00000201211a2800'

Classes redefined (0 events):
No events

Internal exceptions (20 events):
Event: 52.170 Thread 0x0000020166157af0 Exception <a 'java/lang/NoSuchMethodError'{0x00000000d68426a8}: 'double java.lang.invoke.DirectMethodHandle$Holder.invokeStaticInit(java.lang.Object, java.lang.Object)'> (0x00000000d68426a8) 
thrown [s\src\hotspot\share\interpreter\linkResolver.cpp, line 773]
Event: 52.180 Thread 0x0000020166155390 Exception <a 'java/lang/NoSuchMethodError'{0x00000000d68a5220}: 'java.lang.Object java.lang.invoke.Invokers$Holder.invoke_MT(java.lang.Object, java.lang.Object, java.lang.Object, java.lang.Object, java.lang.Object, java.lang.Object, java.lang.Object, java.lang.Object, java.lang.Object)'> (0x00000000d68a5220) 
thrown [s\src\hotspot\share\interpreter\linkResolver.cpp, line 773]
Event: 52.320 Thread 0x0000020166155390 Exception <a 'java/lang/NoSuchMethodError'{0x00000000d6968d68}: 'int java.lang.invoke.DirectMethodHandle$Holder.invokeVirtual(java.lang.Object, java.lang.Object, java.lang.Object)'> (0x00000000d6968d68) 
thrown [s\src\hotspot\share\interpreter\linkResolver.cpp, line 773]
Event: 52.321 Thread 0x0000020166155390 Exception <a 'java/lang/NoSuchMethodError'{0x00000000d696cd28}: 'int java.lang.invoke.DirectMethodHandle$Holder.invokeStaticInit(java.lang.Object, java.lang.Object, java.lang.Object)'> (0x00000000d696cd28) 
thrown [s\src\hotspot\share\interpreter\linkResolver.cpp, line 773]
Event: 52.329 Thread 0x0000020166155390 Exception <a 'java/lang/NoSuchMethodError'{0x00000000d69703e8}: 'int java.lang.invoke.DirectMethodHandle$Holder.invokeStaticInit(java.lang.Object, int, int)'> (0x00000000d69703e8) 
thrown [s\src\hotspot\share\interpreter\linkResolver.cpp, line 773]
Event: 52.329 Thread 0x0000020166155390 Exception <a 'java/lang/NoSuchMethodError'{0x00000000d69860c0}: 'int java.lang.invoke.DirectMethodHandle$Holder.invokeStaticInit(java.lang.Object, long, long)'> (0x00000000d69860c0) 
thrown [s\src\hotspot\share\interpreter\linkResolver.cpp, line 773]
Event: 52.330 Thread 0x0000020166155390 Exception <a 'java/lang/NoSuchMethodError'{0x00000000d698ca58}: 'int java.lang.invoke.DirectMethodHandle$Holder.invokeStaticInit(java.lang.Object, float, float)'> (0x00000000d698ca58) 
thrown [s\src\hotspot\share\interpreter\linkResolver.cpp, line 773]
Event: 52.339 Thread 0x0000020166155390 Exception <a 'java/lang/NoSuchMethodError'{0x00000000d6993630}: 'int java.lang.invoke.DirectMethodHandle$Holder.invokeStaticInit(java.lang.Object, double, double)'> (0x00000000d6993630) 
thrown [s\src\hotspot\share\interpreter\linkResolver.cpp, line 773]
Event: 52.340 Thread 0x0000020166155390 Exception <a 'java/lang/NoSuchMethodError'{0x00000000d6997a28}: 'int java.lang.invoke.DirectMethodHandle$Holder.invokeStatic(java.lang.Object, long)'> (0x00000000d6997a28) 
thrown [s\src\hotspot\share\interpreter\linkResolver.cpp, line 773]
Event: 52.347 Thread 0x0000020166155390 Exception <a 'java/lang/NoSuchMethodError'{0x00000000d6a0c200}: 'int java.lang.invoke.DirectMethodHandle$Holder.invokeSpecial(java.lang.Object, java.lang.Object, int, int)'> (0x00000000d6a0c200) 
thrown [s\src\hotspot\share\interpreter\linkResolver.cpp, line 773]
Event: 52.348 Thread 0x0000020166155390 Exception <a 'java/lang/NoSuchMethodError'{0x00000000d6a7d1e8}: 'int java.lang.invoke.Invokers$Holder.linkToTargetMethod(java.lang.Object, java.lang.Object)'> (0x00000000d6a7d1e8) 
thrown [s\src\hotspot\share\interpreter\linkResolver.cpp, line 773]
Event: 52.349 Thread 0x0000020166155390 Implicit null exception at 0x00000201144d813d to 0x00000201144d81b2
Event: 52.748 Thread 0x0000020166158180 Exception <a 'java/lang/NoSuchMethodError'{0x00000000d56e9db0}: 'int java.lang.invoke.DirectMethodHandle$Holder.invokeSpecial(java.lang.Object, java.lang.Object, java.lang.Object, java.lang.Object)'> (0x00000000d56e9db0) 
thrown [s\src\hotspot\share\interpreter\linkResolver.cpp, line 773]
Event: 52.753 Thread 0x0000020166158180 Exception <a 'java/lang/NoSuchMethodError'{0x00000000d56ff1c0}: 'java.lang.Object java.lang.invoke.DirectMethodHandle$Holder.invokeStatic(java.lang.Object, int, java.lang.Object, java.lang.Object)'> (0x00000000d56ff1c0) 
thrown [s\src\hotspot\share\interpreter\linkResolver.cpp, line 773]
Event: 52.753 Thread 0x0000020166158180 Exception <a 'java/lang/NoSuchMethodError'{0x00000000d57029a0}: 'java.lang.Object java.lang.invoke.DelegatingMethodHandle$Holder.delegate(java.lang.Object, int, java.lang.Object, java.lang.Object)'> (0x00000000d57029a0) 
thrown [s\src\hotspot\share\interpreter\linkResolver.cpp, line 773]
Event: 52.790 Thread 0x0000020166158180 Exception <a 'java/lang/NoSuchMethodError'{0x00000000d57aa898}: 'int java.lang.invoke.Invokers$Holder.linkToTargetMethod(java.lang.Object, java.lang.Object, java.lang.Object)'> (0x00000000d57aa898) 
thrown [s\src\hotspot\share\interpreter\linkResolver.cpp, line 773]
Event: 53.091 Thread 0x0000020166155390 Exception <a 'java/lang/NoSuchMethodError'{0x00000000d5a68a08}: 'java.lang.Object java.lang.invoke.DirectMethodHandle$Holder.invokeSpecialIFC(java.lang.Object, java.lang.Object, java.lang.Object, java.lang.Object)'> (0x00000000d5a68a08) 
thrown [s\src\hotspot\share\interpreter\linkResolver.cpp, line 773]
Event: 53.993 Thread 0x0000020166157af0 Exception <a 'java/io/FileNotFoundException'{0x00000000d67f75c0}> (0x00000000d67f75c0) 
thrown [s\src\hotspot\share\prims\jni.cpp, line 520]
Event: 53.994 Thread 0x0000020166157af0 Exception <a 'java/io/FileNotFoundException'{0x00000000d67f8360}> (0x00000000d67f8360) 
thrown [s\src\hotspot\share\prims\jni.cpp, line 520]
Event: 53.994 Thread 0x0000020166157af0 Exception <a 'java/io/FileNotFoundException'{0x00000000d67f9208}> (0x00000000d67f9208) 
thrown [s\src\hotspot\share\prims\jni.cpp, line 520]

ZGC Phase Switch (0 events):
No events

VM Operations (20 events):
Event: 48.507 Executing safepoint VM operation: Cleanup
Event: 48.507 Executing safepoint VM operation: Cleanup done
Event: 49.517 Executing safepoint VM operation: Cleanup
Event: 49.517 Executing safepoint VM operation: Cleanup done
Event: 50.528 Executing safepoint VM operation: Cleanup
Event: 50.543 Executing safepoint VM operation: Cleanup done
Event: 51.553 Executing safepoint VM operation: Cleanup
Event: 51.584 Executing safepoint VM operation: Cleanup done
Event: 52.402 Executing non-safepoint VM operation: HandshakeAllThreads (Deoptimize)
Event: 52.424 Executing non-safepoint VM operation: HandshakeAllThreads (Deoptimize) done
Event: 52.472 Executing safepoint VM operation: CollectForMetadataAllocation (Metadata GC Threshold)
Event: 52.567 Executing safepoint VM operation: CollectForMetadataAllocation (Metadata GC Threshold) done
Event: 53.580 Executing safepoint VM operation: Cleanup
Event: 53.595 Executing safepoint VM operation: Cleanup done
Event: 54.609 Executing safepoint VM operation: Cleanup
Event: 54.656 Executing safepoint VM operation: Cleanup done
Event: 54.759 Executing safepoint VM operation: ParallelGCFailedAllocation (Allocation Failure)
Event: 54.768 Executing safepoint VM operation: ParallelGCFailedAllocation (Allocation Failure) done
Event: 55.778 Executing safepoint VM operation: Cleanup
Event: 55.793 Executing safepoint VM operation: Cleanup done

Memory protections (0 events):
No events

Nmethod flushes (0 events):
No events

Events (20 events):
Event: 1.767 Thread 0x0000020109605710 Thread added: 0x00000201662aaa30
Event: 2.042 Thread 0x00000201662aaa30 Thread exited: 0x00000201662aaa30
Event: 2.280 Thread 0x0000020109605710 Thread added: 0x0000020166696fb0
Event: 2.711 Thread 0x0000020166696fb0 Thread exited: 0x0000020166696fb0
Event: 5.828 Thread 0x000002010958b020 Thread added: 0x000002016646e010
Event: 6.116 Thread 0x000002016646e010 Thread exited: 0x000002016646e010
Event: 9.393 Thread 0x0000020109684ca0 Thread added: 0x0000020109582c60
Event: 12.961 Thread 0x0000020109684ca0 Thread added: 0x0000020109581220
Event: 13.478 Thread 0x0000020109581220 Thread added: 0x00000201095818b0
Event: 13.526 Thread 0x0000020109684ca0 Thread added: 0x0000020166157af0
Event: 16.142 Thread 0x0000020109605710 Thread added: 0x0000020166ab96f0
Event: 16.363 Thread 0x0000020166ab96f0 Thread exited: 0x0000020166ab96f0
Event: 18.844 Thread 0x0000020166157af0 Thread added: 0x00000201661560b0
Event: 26.673 Thread 0x0000020166157af0 Thread added: 0x0000020166155a20
Event: 30.540 Thread 0x0000020166157af0 Thread added: 0x0000020166157460
Event: 34.296 Thread 0x0000020166157af0 Thread added: 0x0000020166158810
Event: 34.587 Thread 0x0000020166157af0 Thread added: 0x0000020166155390
Event: 51.793 Thread 0x0000020166155390 Thread added: 0x0000020166158180
Event: 52.924 Thread 0x0000020166158810 Thread added: 0x0000020166158ea0
Event: 53.040 Thread 0x0000020166158ea0 Thread added: 0x0000020166159530


Dynamic libraries:
0x00007ff7eae70000 - 0x00007ff7eae7e000 	c:\Users\Yassine\.vscode\extensions\redhat.java-1.54.0-win32-x64\jre\21.0.10-win32-x86_64\bin\java.exe
0x00007ff8d1a60000 - 0x00007ff8d1cc7000 	C:\WINDOWS\SYSTEM32\ntdll.dll
0x00007ff8d0780000 - 0x00007ff8d0849000 	C:\WINDOWS\System32\KERNEL32.DLL
0x00007ff8cf160000 - 0x00007ff8cf557000 	C:\WINDOWS\System32\KERNELBASE.dll
0x00007ff8cf690000 - 0x00007ff8cf7db000 	C:\WINDOWS\System32\ucrtbase.dll
0x00007ff888ad0000 - 0x00007ff888ae8000 	c:\Users\Yassine\.vscode\extensions\redhat.java-1.54.0-win32-x64\jre\21.0.10-win32-x86_64\bin\jli.dll
0x00007ff8d1270000 - 0x00007ff8d1436000 	C:\WINDOWS\System32\USER32.dll
0x00007ff8ce5d0000 - 0x00007ff8ce5f7000 	C:\WINDOWS\System32\win32u.dll
0x00007ff8d0890000 - 0x00007ff8d08bb000 	C:\WINDOWS\System32\GDI32.dll
0x00007ff8cf560000 - 0x00007ff8cf68c000 	C:\WINDOWS\System32\gdi32full.dll
0x00007ff8ce490000 - 0x00007ff8ce533000 	C:\WINDOWS\System32\msvcp_win.dll
0x00007ff888400000 - 0x00007ff88841e000 	c:\Users\Yassine\.vscode\extensions\redhat.java-1.54.0-win32-x64\jre\21.0.10-win32-x86_64\bin\VCRUNTIME140.dll
0x00007ff8ac890000 - 0x00007ff8acb22000 	C:\WINDOWS\WinSxS\amd64_microsoft.windows.common-controls_6595b64144ccf1df_6.0.26100.8457_none_3e0b2faee331e92d\COMCTL32.dll
0x00007ff8cf970000 - 0x00007ff8cfa19000 	C:\WINDOWS\System32\msvcrt.dll
0x00007ff8d0850000 - 0x00007ff8d0882000 	C:\WINDOWS\System32\IMM32.DLL
0x00007ff8af450000 - 0x00007ff8af45c000 	c:\Users\Yassine\.vscode\extensions\redhat.java-1.54.0-win32-x64\jre\21.0.10-win32-x86_64\bin\vcruntime140_1.dll
0x00007ff851c80000 - 0x00007ff851d0d000 	c:\Users\Yassine\.vscode\extensions\redhat.java-1.54.0-win32-x64\jre\21.0.10-win32-x86_64\bin\msvcp140.dll
0x00007fffedc90000 - 0x00007fffeea31000 	c:\Users\Yassine\.vscode\extensions\redhat.java-1.54.0-win32-x64\jre\21.0.10-win32-x86_64\bin\server\jvm.dll
0x00007ff8d0650000 - 0x00007ff8d0706000 	C:\WINDOWS\System32\ADVAPI32.dll
0x00007ff8d0dd0000 - 0x00007ff8d0e77000 	C:\WINDOWS\System32\sechost.dll
0x00007ff8d0e80000 - 0x00007ff8d0f98000 	C:\WINDOWS\System32\RPCRT4.dll
0x00007ff8d0c50000 - 0x00007ff8d0cd0000 	C:\WINDOWS\System32\WS2_32.dll
0x00007ff8ce2f0000 - 0x00007ff8ce34e000 	C:\WINDOWS\SYSTEM32\POWRPROF.dll
0x00007ff8c4640000 - 0x00007ff8c4676000 	C:\WINDOWS\SYSTEM32\WINMM.dll
0x00007ff8bf6a0000 - 0x00007ff8bf6ab000 	C:\WINDOWS\SYSTEM32\VERSION.dll
0x00007ff8ce2d0000 - 0x00007ff8ce2e4000 	C:\WINDOWS\SYSTEM32\UMPDC.dll
0x00007ff8cd220000 - 0x00007ff8cd23b000 	C:\WINDOWS\SYSTEM32\kernel.appcore.dll
0x00007ff8ae740000 - 0x00007ff8ae74a000 	c:\Users\Yassine\.vscode\extensions\redhat.java-1.54.0-win32-x64\jre\21.0.10-win32-x86_64\bin\jimage.dll
0x00007ff8cbcd0000 - 0x00007ff8cbf12000 	C:\WINDOWS\SYSTEM32\DBGHELP.DLL
0x00007ff8d08c0000 - 0x00007ff8d0c43000 	C:\WINDOWS\System32\combase.dll
0x00007ff8d0cf0000 - 0x00007ff8d0dc9000 	C:\WINDOWS\System32\OLEAUT32.dll
0x00007ff8aaf70000 - 0x00007ff8aafab000 	C:\WINDOWS\SYSTEM32\dbgcore.DLL
0x00007ff8cf0b0000 - 0x00007ff8cf158000 	C:\WINDOWS\System32\bcryptPrimitives.dll
0x00007ff893a20000 - 0x00007ff893a2f000 	c:\Users\Yassine\.vscode\extensions\redhat.java-1.54.0-win32-x64\jre\21.0.10-win32-x86_64\bin\instrument.dll
0x00007ff881060000 - 0x00007ff881080000 	c:\Users\Yassine\.vscode\extensions\redhat.java-1.54.0-win32-x64\jre\21.0.10-win32-x86_64\bin\java.dll
0x00007ff8cfa20000 - 0x00007ff8d018e000 	C:\WINDOWS\System32\SHELL32.dll
0x00007ff8ce600000 - 0x00007ff8cee6c000 	C:\WINDOWS\System32\windows.storage.dll
0x00007ff8d1920000 - 0x00007ff8d1a16000 	C:\WINDOWS\System32\SHCORE.dll
0x00007ff8d0710000 - 0x00007ff8d0776000 	C:\WINDOWS\System32\shlwapi.dll
0x00007ff8ce3b0000 - 0x00007ff8ce3d9000 	C:\WINDOWS\SYSTEM32\profapi.dll
0x00007ff87b830000 - 0x00007ff87b848000 	c:\Users\Yassine\.vscode\extensions\redhat.java-1.54.0-win32-x64\jre\21.0.10-win32-x86_64\bin\zip.dll
0x00007ff8ad9b0000 - 0x00007ff8ad9c0000 	C:\Users\Yassine\.vscode\extensions\redhat.java-1.54.0-win32-x64\jre\21.0.10-win32-x86_64\bin\net.dll
0x00007ff8bef10000 - 0x00007ff8bf039000 	C:\WINDOWS\SYSTEM32\WINHTTP.dll
0x00007ff8cd790000 - 0x00007ff8cd7fc000 	C:\WINDOWS\system32\mswsock.dll
0x00007ff87b230000 - 0x00007ff87b246000 	C:\Users\Yassine\.vscode\extensions\redhat.java-1.54.0-win32-x64\jre\21.0.10-win32-x86_64\bin\nio.dll
0x00007ff8ab730000 - 0x00007ff8ab740000 	c:\Users\Yassine\.vscode\extensions\redhat.java-1.54.0-win32-x64\jre\21.0.10-win32-x86_64\bin\verify.dll
0x00007ff82abb0000 - 0x00007ff82abf5000 	C:\Users\Yassine\AppData\Roaming\Code\User\globalStorage\redhat.java\1.54.0\config_win\org.eclipse.equinox.launcher\org.eclipse.equinox.launcher.win32.win32.x86_64_1.3.0.v20260203-2149\eclipse_11919.dll
0x00007ff8d1700000 - 0x00007ff8d1897000 	C:\WINDOWS\System32\ole32.dll
0x00007ff893010000 - 0x00007ff89301a000 	C:\Users\Yassine\.vscode\extensions\redhat.java-1.54.0-win32-x64\jre\21.0.10-win32-x86_64\bin\management.dll
0x00007ff892870000 - 0x00007ff89287c000 	C:\Users\Yassine\.vscode\extensions\redhat.java-1.54.0-win32-x64\jre\21.0.10-win32-x86_64\bin\management_ext.dll
0x00007ff8d0ce0000 - 0x00007ff8d0ce8000 	C:\WINDOWS\System32\PSAPI.DLL

JVMTI agents:
c:\Users\Yassine\.vscode\extensions\redhat.java-1.54.0-win32-x64\lombok\lombok-1.18.39-4050.jar path:c:\Users\Yassine\.vscode\extensions\redhat.java-1.54.0-win32-x64\jre\21.0.10-win32-x86_64\bin\instrument.dll, loaded, initialized, instrumentlib options:none

dbghelp: loaded successfully - version: 4.0.5 - missing functions: none
symbol engine: initialized successfully - sym options: 0x614 - pdb path: .;c:\Users\Yassine\.vscode\extensions\redhat.java-1.54.0-win32-x64\jre\21.0.10-win32-x86_64\bin;C:\WINDOWS\SYSTEM32;C:\WINDOWS\WinSxS\amd64_microsoft.windows.common-controls_6595b64144ccf1df_6.0.26100.8457_none_3e0b2faee331e92d;c:\Users\Yassine\.vscode\extensions\redhat.java-1.54.0-win32-x64\jre\21.0.10-win32-x86_64\bin\server;C:\Users\Yassine\AppData\Roaming\Code\User\globalStorage\redhat.java\1.54.0\config_win\org.eclipse.equinox.launcher\org.eclipse.equinox.launcher.win32.win32.x86_64_1.3.0.v20260203-2149

VM Arguments:
jvm_args: --add-modules=ALL-SYSTEM --add-opens=java.base/java.util=ALL-UNNAMED --add-opens=java.base/java.lang=ALL-UNNAMED --add-opens=java.base/sun.nio.fs=ALL-UNNAMED -Declipse.application=org.eclipse.jdt.ls.core.id1 -Dosgi.bundles.defaultStartLevel=4 -Declipse.product=org.eclipse.jdt.ls.core.product -Djava.import.generatesMetadataFilesAtProjectRoot=false -DDetectVMInstallationsJob.disabled=true -Dfile.encoding=utf8 -XX:+UseParallelGC -XX:GCTimeRatio=4 -XX:AdaptiveSizePolicyWeight=90 -Dsun.zip.disableMemoryMapping=true -Xmx2G -Xms100m -Xlog:disable -javaagent:c:\Users\Yassine\.vscode\extensions\redhat.java-1.54.0-win32-x64\lombok\lombok-1.18.39-4050.jar -XX:+HeapDumpOnOutOfMemoryError -XX:HeapDumpPath=c:\Users\Yassine\AppData\Roaming\Code\User\workspaceStorage\46ebe57f\redhat.java -Daether.dependencyCollector.impl=bf 
java_command: c:\Users\Yassine\.vscode\extensions\redhat.java-1.54.0-win32-x64\server\plugins\org.eclipse.equinox.launcher_1.7.100.v20251111-0406.jar -configuration c:\Users\Yassine\AppData\Roaming\Code\User\globalStorage\redhat.java\1.54.0\config_win -data c:\Users\Yassine\AppData\Roaming\Code\User\workspaceStorage\46ebe57f\redhat.java\jdt_ws --pipe=\\.\pipe\lsp-014169f4976a5038cb1fd238e1968573-sock
java_class_path (initial): c:\Users\Yassine\.vscode\extensions\redhat.java-1.54.0-win32-x64\server\plugins\org.eclipse.equinox.launcher_1.7.100.v20251111-0406.jar
Launcher Type: SUN_STANDARD

[Global flags]
    uintx AdaptiveSizePolicyWeight                 = 90                                        {product} {command line}
     intx CICompilerCount                          = 3                                         {product} {ergonomic}
    uintx GCTimeRatio                              = 4                                         {product} {command line}
     bool HeapDumpOnOutOfMemoryError               = true                                   {manageable} {command line}
    ccstr HeapDumpPath                             = c:\Users\Yassine\AppData\Roaming\Code\User\workspaceStorage\46ebe57f\redhat.java         {manageable} {command line}
   size_t InitialHeapSize                          = 104857600                                 {product} {command line}
   size_t MaxHeapSize                              = 2147483648                                {product} {command line}
   size_t MaxNewSize                               = 715653120                                 {product} {ergonomic}
   size_t MinHeapDeltaBytes                        = 524288                                    {product} {ergonomic}
   size_t MinHeapSize                              = 104857600                                 {product} {command line}
   size_t NewSize                                  = 34603008                                  {product} {ergonomic}
    uintx NonNMethodCodeHeapSize                   = 5832780                                {pd product} {ergonomic}
    uintx NonProfiledCodeHeapSize                  = 122912730                              {pd product} {ergonomic}
   size_t OldSize                                  = 70254592                                  {product} {ergonomic}
    uintx ProfiledCodeHeapSize                     = 122912730                              {pd product} {ergonomic}
    uintx ReservedCodeCacheSize                    = 251658240                              {pd product} {ergonomic}
     bool SegmentedCodeCache                       = true                                      {product} {ergonomic}
   size_t SoftMaxHeapSize                          = 2147483648                             {manageable} {ergonomic}
     bool UseCompressedOops                        = true                           {product lp64_product} {ergonomic}
     bool UseLargePagesIndividualAllocation        = false                                  {pd product} {ergonomic}
     bool UseParallelGC                            = true                                      {product} {command line}

Logging:
Log output configuration:
 #0: stdout all=off uptime,level,tags foldmultilines=false
 #1: stderr all=off uptime,level,tags foldmultilines=false

Release file:
JAVA_VERSION="21.0.10" 
MODULES="java.base java.compiler java.datatransfer java.xml java.prefs java.desktop java.instrument java.logging java.management java.security.sasl java.naming java.rmi java.management.rmi java.net.http java.scripting java.security.jgss java.transaction.xa java.sql java.sql.rowset java.xml.crypto java.se java.smartcardio jdk.accessibility jdk.internal.jvmstat jdk.attach jdk.charsets jdk.internal.opt jdk.zipfs jdk.compiler jdk.crypto.ec jdk.crypto.cryptoki jdk.crypto.mscapi jdk.dynalink jdk.internal.ed jdk.editpad jdk.hotspot.agent jdk.httpserver jdk.internal.le jdk.internal.vm.ci jdk.internal.vm.compiler jdk.internal.vm.compiler.management jdk.jartool jdk.javadoc jdk.jcmd jdk.management jdk.management.agent jdk.jconsole jdk.jdeps jdk.jdwp.agent jdk.jdi jdk.jfr jdk.jshell jdk.jsobject jdk.jstatd jdk.localedata jdk.management.jfr jdk.naming.dns jdk.naming.rmi jdk.net jdk.nio.mapmode jdk.random jdk.sctp jdk.security.auth jdk.security.jgss jdk.unsupported jdk.unsupported.desktop jdk.xml.dom" 

Environment Variables:
JAVA_HOME=C:\Program Files\Java\jdk-25
PATH=C:\Users\Yassine\AppData\Local\Programs\Microsoft VS Code;C:\Program Files\Appache\Maven\apache-maven-3.9.12\bin;C:\app\Yassine\virtual\product\12.2.0\dbhome_1\bin;C:\Program Files\Java\jdk-25\bin;C:\Program Files\Java\jdk-25\lib;C:\Program Files\Common Files\Oracle\Java\javapath;C:\Program Files (x86)\VMware\VMware Workstation\bin\;C:\msys64\mingw64\bin;C:\Program Files (x86)\Common Files\Intel\Shared Libraries\redist\intel64\compiler;C:\WINDOWS\system32;C:\WINDOWS;C:\WINDOWS\System32\Wbem;C:\WINDOWS\System32\WindowsPowerShell\v1.0\;C:\Program Files\dotnet\;C:\WINDOWS\System32\OpenSSH\;C:\Program Files (x86)\dotnet\;C:\ProgramData\chocolatey\bin;C:\Dart\dart-sdk\bin;C:\Flutter\flutter workspace\flutter\bin;C:\Swift\bin;C:\Program Files\MongoDB\Server\8.2\bin;C:\Program Files\Git\cmd;C:\composer;C:\Windows\System32;C:\Program Files (x86)\Microsoft SQL Server\160\Tools\Binn\;C:\Program Files\Microsoft SQL Server\160\Tools\Binn\;C:\Program Files\Microsoft SQL Server\Client SDK\ODBC\170\Tools\Binn\;C:\Program Files\Microsoft SQL Server\160\DTS\Binn\;C:\Program Files\nodejs\;C:\Users\Yassine\AppData\Local\Programs\Python\Python310\;C:\Users\Yassine\AppData\Local\Programs\Python\Python310\Scripts\;C:\Users\Yassine\AppData\Local\Programs\Microsoft VS Code\bin;C:\Program Files\Docker\Docker\resources\bin;C:\Program Files\PostgreSQL\17\bin;C:\WINDOWS\system32;C:\WINDOWS;C:\WINDOWS\System32\Wbem;C:\WINDOWS\System32\WindowsPowerShell\v1.0\;C:\WINDOWS\System32\OpenSSH\;C:\Program Files\Java\jdk-25\bin;C:\Users\Yassine\.local\bin;C:\Program Files\MongoDB\Server\8.2\bin;C:\Program Files (x86)\VMware\VMware Workstation\bin;C:\msys64\mingw64\bin;C:\Program Files (x86)\Common Files\Intel\Shared Libraries\redist\intel64\compiler;C:\Program Files\dotnet\;C:\ProgramData\chocolatey\bin;C:\Dart\dart-sdk\bin;C:\Flutter\flutter workspace\flutter\bin;C:\Swift\bin;C:\Program Files\Git\cmd;C:\composer;C:\Program Files\nodejs\;C:\Users\Yassine\AppData\Local\Programs\Python\Python310\;C:\Users\Yassine\AppData\Local\Programs\Python\Python310\Scripts\;C:\Users\Yassine\AppData\Local\Programs\Python\Python312\;C:\Users\Yassine\AppData\Local\Programs\Python\Python312\Scripts\;C:\Users\Yassine\AppData\Local\Programs\Microsoft VS Code\bin;C:\Users\Yassine\AppData\Local\Microsoft\WindowsApps;C:\xampp\php;C:\Users\Yassine\AppData\Roaming\npm;C:\Users\Yassine\.dotnet\tools;C:\Program Files\PostgreSQL\17\bin;C:\Program Files\7-Zip;C:\xampp\mysql\bin;C:\symfony;C:\Users\Yassine\.dotnet\tools;C:\Program Files\JetBrains\IntelliJ IDEA 2026.1.1\bin
USERNAME=Yassine
OS=Windows_NT
PROCESSOR_IDENTIFIER=Intel64 Family 6 Model 140 Stepping 1, GenuineIntel
TMP=C:\Users\Yassine\AppData\Local\Temp
TEMP=C:\Users\Yassine\AppData\Local\Temp




Periodic native trim disabled

---------------  S Y S T E M  ---------------

OS:
 Windows 11 , 64 bit Build 26100 (10.0.26100.8328)
OS uptime: 0 days 22:21 hours
Hyper-V role detected

CPU: total 4 (initial active 4) (2 cores per cpu, 2 threads per core) family 6 model 140 stepping 1 microcode 0xac, cx8, cmov, fxsr, ht, mmx, 3dnowpref, sse, sse2, sse3, ssse3, sse4.1, sse4.2, popcnt, lzcnt, tsc, tscinvbit, avx, avx2, aes, erms, clmul, bmi1, bmi2, adx, avx512f, avx512dq, avx512cd, avx512bw, avx512vl, sha, fma, vzeroupper, avx512_vpopcntdq, avx512_vpclmulqdq, avx512_vaes, avx512_vnni, clflush, clflushopt, clwb, avx512_vbmi2, avx512_vbmi, hv, rdtscp, rdpid, fsrm, gfni, avx512_bitalg, f16c, cet_ibt, cet_ss, avx512_ifma
Processor Information for the first 4 processors :
  Max Mhz: 2995, Current Mhz: 2995, Mhz Limit: 2995

Memory: 4k page, system-wide physical 20220M (1041M free)
TotalPageFile size 30942M (AvailPageFile size 5M)
current process WorkingSet (physical memory assigned to process): 155M, peak: 156M
current process commit charge ("private bytes"): 271M, peak: 272M

vm_info: OpenJDK 64-Bit Server VM (21.0.10+7-LTS) for windows-amd64 JRE (21.0.10+7-LTS), built on 2026-01-20T00:00:00Z by "admin" with MS VC++ 17.12 (VS2022)

END.
